<?xml version="1.0" encoding="UTF-8"?>
<!-- Generated by org.testng.reporters.JUnitXMLReporter -->
<testsuite hostname="RamaSwamy" name="Home page elements validation, Register and Login page testcases" tests="19" failures="6" timestamp="4 Sep 2017 12:33:32 GMT" time="823.07" errors="0">
  <testcase name="loginpage" time="21.127" classname="aiApp_TC_YesPay.AppsDashboard"/>
  <testcase name="todayDateRange" time="0.005" classname="aiApp_TC_YesPay.AppsDashboard">
    <failure type="org.testng.TestNGException" message="
The data provider is trying to pass 3 parameters but the method aiApp_TC_YesPay.AppsDashboard#todayDateRange takes 1">
      <![CDATA[org.testng.TestNGException: 
The data provider is trying to pass 3 parameters but the method aiApp_TC_YesPay.AppsDashboard#todayDateRange takes 1
... Removed 18 stack frames]]>
    </failure>
  </testcase> <!-- todayDateRange -->
  <testcase name="yesterdayDateRange" time="0.002" classname="aiApp_TC_YesPay.AppsDashboard">
    <failure type="org.testng.TestNGException" message="
The data provider is trying to pass 3 parameters but the method aiApp_TC_YesPay.AppsDashboard#yesterdayDateRange takes 1">
      <![CDATA[org.testng.TestNGException: 
The data provider is trying to pass 3 parameters but the method aiApp_TC_YesPay.AppsDashboard#yesterdayDateRange takes 1
... Removed 18 stack frames]]>
    </failure>
  </testcase> <!-- yesterdayDateRange -->
  <testcase name="lastSevendays" time="0.002" classname="aiApp_TC_YesPay.AppsDashboard">
    <failure type="org.testng.TestNGException" message="
The data provider is trying to pass 3 parameters but the method aiApp_TC_YesPay.AppsDashboard#lastSevendays takes 1">
      <![CDATA[org.testng.TestNGException: 
The data provider is trying to pass 3 parameters but the method aiApp_TC_YesPay.AppsDashboard#lastSevendays takes 1
... Removed 18 stack frames]]>
    </failure>
  </testcase> <!-- lastSevendays -->
  <testcase name="last30days" time="0.001" classname="aiApp_TC_YesPay.AppsDashboard">
    <failure type="org.testng.TestNGException" message="
The data provider is trying to pass 3 parameters but the method aiApp_TC_YesPay.AppsDashboard#last30days takes 1">
      <![CDATA[org.testng.TestNGException: 
The data provider is trying to pass 3 parameters but the method aiApp_TC_YesPay.AppsDashboard#last30days takes 1
... Removed 18 stack frames]]>
    </failure>
  </testcase> <!-- last30days -->
  <testcase name="thisMonth" time="0.001" classname="aiApp_TC_YesPay.AppsDashboard">
    <failure type="org.testng.TestNGException" message="
The data provider is trying to pass 3 parameters but the method aiApp_TC_YesPay.AppsDashboard#thisMonth takes 1">
      <![CDATA[org.testng.TestNGException: 
The data provider is trying to pass 3 parameters but the method aiApp_TC_YesPay.AppsDashboard#thisMonth takes 1
... Removed 18 stack frames]]>
    </failure>
  </testcase> <!-- thisMonth -->
  <testcase name="lastMonth" time="0.001" classname="aiApp_TC_YesPay.AppsDashboard">
    <failure type="org.testng.TestNGException" message="
The data provider is trying to pass 3 parameters but the method aiApp_TC_YesPay.AppsDashboard#lastMonth takes 1">
      <![CDATA[org.testng.TestNGException: 
The data provider is trying to pass 3 parameters but the method aiApp_TC_YesPay.AppsDashboard#lastMonth takes 1
... Removed 18 stack frames]]>
    </failure>
  </testcase> <!-- lastMonth -->
  <testcase name="monthlyCohort" time="111.856" classname="aiApp_TC_YesPay.AppsDashboard"/>
  <testcase name="monthlyCohort" time="49.041" classname="aiApp_TC_YesPay.AppsDashboard"/>
  <testcase name="monthlyCohort" time="23.045" classname="aiApp_TC_YesPay.AppsDashboard"/>
  <testcase name="dailyCohort" time="101.288" classname="aiApp_TC_YesPay.AppsDashboard"/>
  <testcase name="dailyCohort" time="71.939" classname="aiApp_TC_YesPay.AppsDashboard"/>
  <testcase name="dailyCohort" time="27.433" classname="aiApp_TC_YesPay.AppsDashboard"/>
  <testcase name="weeklyCohort" time="101.051" classname="aiApp_TC_YesPay.AppsDashboard"/>
  <testcase name="weeklyCohort" time="94.98" classname="aiApp_TC_YesPay.AppsDashboard"/>
  <testcase name="weeklyCohort" time="24.098" classname="aiApp_TC_YesPay.AppsDashboard"/>
  <testcase name="yearCohort" time="101.199" classname="aiApp_TC_YesPay.AppsDashboard"/>
  <testcase name="yearCohort" time="46.909" classname="aiApp_TC_YesPay.AppsDashboard"/>
  <testcase name="yearCohort" time="22.329" classname="aiApp_TC_YesPay.AppsDashboard"/>
</testsuite> <!-- Home page elements validation, Register and Login page testcases -->
