<?xml version="1.0" encoding="UTF-8"?>
<!-- Generated by org.testng.reporters.JUnitXMLReporter -->
<testsuite hostname="RamaSwamy" name="Login and Register testcases; Dashboard and Outside the App page" tests="65" failures="54" timestamp="28 Sep 2017 10:02:12 GMT" time="438.448" errors="0">
  <testcase name="HomePageEle_Home" time="0.195" classname="ai_TC_For_AppICEHomePage.AppICEHomePage"/>
  <testcase name="HomePageEle_Product" time="0.12" classname="ai_TC_For_AppICEHomePage.AppICEHomePage"/>
  <testcase name="HomePageEle_AboutUs" time="0.091" classname="ai_TC_For_AppICEHomePage.AppICEHomePage"/>
  <testcase name="HomePageEle_Blog" time="0.485" classname="ai_TC_For_AppICEHomePage.AppICEHomePage"/>
  <testcase name="loginpage_EmtUnAndValidPw" time="11.617" classname="ai_TC_For_AppICEHomePage.AppICEHomePage">
    <failure type="org.openqa.selenium.NoSuchElementException" message="No such element (WARNING: The server did not provide any stacktrace information)
Command duration or timeout: 10.01 seconds
For documentation on this error, please visit: http://seleniumhq.org/exceptions/no_such_element.html
Build info: version: &amp;apos;2.53.1&amp;apos;, revision: &amp;apos;a36b8b1cd5757287168e54b817830adce9b0158d&amp;apos;, time: &amp;apos;2016-06-30 19:26:09&amp;apos;
System info: host: &amp;apos;RamaSwamy&amp;apos;, ip: &amp;apos;169.254.239.251&amp;apos;, os.name: &amp;apos;Windows 10&amp;apos;, os.arch: &amp;apos;amd64&amp;apos;, os.version: &amp;apos;10.0&amp;apos;, java.version: &amp;apos;1.8.0_60&amp;apos;
Driver info: org.openqa.selenium.chrome.ChromeDriver
Capabilities [{applicationCacheEnabled=true, acceptSslCerts=true, browserVersion=38.14393.1066.0, platformVersion=10, locationContextEnabled=true, webStorageEnabled=true, browserName=MicrosoftEdge, takesScreenshot=true, pageLoadStrategy=normal, takesElementScreenshot=true, platformName=windows, platform=ANY}]
Session ID: 4CFA596E-34B8-44A2-983D-4D71CF9231E4
*** Element info: {Using=css selector, value=li[class*=&amp;apos;parsley-required&amp;apos;]}">
      <![CDATA[org.openqa.selenium.NoSuchElementException: No such element (WARNING: The server did not provide any stacktrace information)
Command duration or timeout: 10.01 seconds
For documentation on this error, please visit: http://seleniumhq.org/exceptions/no_such_element.html
Build info: version: '2.53.1', revision: 'a36b8b1cd5757287168e54b817830adce9b0158d', time: '2016-06-30 19:26:09'
System info: host: 'RamaSwamy', ip: '169.254.239.251', os.name: 'Windows 10', os.arch: 'amd64', os.version: '10.0', java.version: '1.8.0_60'
Driver info: org.openqa.selenium.chrome.ChromeDriver
Capabilities [{applicationCacheEnabled=true, acceptSslCerts=true, browserVersion=38.14393.1066.0, platformVersion=10, locationContextEnabled=true, webStorageEnabled=true, browserName=MicrosoftEdge, takesScreenshot=true, pageLoadStrategy=normal, takesElementScreenshot=true, platformName=windows, platform=ANY}]
Session ID: 4CFA596E-34B8-44A2-983D-4D71CF9231E4
*** Element info: {Using=css selector, value=li[class*='parsley-required']}
	at org.openqa.selenium.remote.ErrorHandler.createThrowable(ErrorHandler.java:206)
	at org.openqa.selenium.remote.ErrorHandler.throwIfResponseFailed(ErrorHandler.java:158)
	at org.openqa.selenium.remote.RemoteWebDriver.execute(RemoteWebDriver.java:678)
	at org.openqa.selenium.remote.RemoteWebDriver.findElement(RemoteWebDriver.java:363)
	at org.openqa.selenium.remote.RemoteWebDriver.findElementByCssSelector(RemoteWebDriver.java:492)
	at org.openqa.selenium.By$ByCssSelector.findElement(By.java:430)
	at org.openqa.selenium.remote.RemoteWebDriver.findElement(RemoteWebDriver.java:355)
	at ai_TC_For_AppICEHomePage.AppICEHomePage.loginpage_EmtUnAndValidPw(AppICEHomePage.java:69)
... Removed 28 stack frames]]>
    </failure>
  </testcase> <!-- loginpage_EmtUnAndValidPw -->
  <testcase name="loginpage_ValidUnAndEmptPw" time="0.022" classname="ai_TC_For_AppICEHomePage.AppICEHomePage">
    <failure type="org.openqa.selenium.WebDriverException" message="&amp;apos;jQuery&amp;apos; is undefined (WARNING: The server did not provide any stacktrace information)
Command duration or timeout: 14 milliseconds
Build info: version: &amp;apos;2.53.1&amp;apos;, revision: &amp;apos;a36b8b1cd5757287168e54b817830adce9b0158d&amp;apos;, time: &amp;apos;2016-06-30 19:26:09&amp;apos;
System info: host: &amp;apos;RamaSwamy&amp;apos;, ip: &amp;apos;169.254.239.251&amp;apos;, os.name: &amp;apos;Windows 10&amp;apos;, os.arch: &amp;apos;amd64&amp;apos;, os.version: &amp;apos;10.0&amp;apos;, java.version: &amp;apos;1.8.0_60&amp;apos;
Driver info: org.openqa.selenium.chrome.ChromeDriver
Capabilities [{applicationCacheEnabled=true, acceptSslCerts=true, browserVersion=38.14393.1066.0, platformVersion=10, locationContextEnabled=true, webStorageEnabled=true, browserName=MicrosoftEdge, takesScreenshot=true, pageLoadStrategy=normal, takesElementScreenshot=true, platformName=windows, platform=ANY}]
Session ID: 4CFA596E-34B8-44A2-983D-4D71CF9231E4">
      <![CDATA[org.openqa.selenium.WebDriverException: 'jQuery' is undefined (WARNING: The server did not provide any stacktrace information)
Command duration or timeout: 14 milliseconds
Build info: version: '2.53.1', revision: 'a36b8b1cd5757287168e54b817830adce9b0158d', time: '2016-06-30 19:26:09'
System info: host: 'RamaSwamy', ip: '169.254.239.251', os.name: 'Windows 10', os.arch: 'amd64', os.version: '10.0', java.version: '1.8.0_60'
Driver info: org.openqa.selenium.chrome.ChromeDriver
Capabilities [{applicationCacheEnabled=true, acceptSslCerts=true, browserVersion=38.14393.1066.0, platformVersion=10, locationContextEnabled=true, webStorageEnabled=true, browserName=MicrosoftEdge, takesScreenshot=true, pageLoadStrategy=normal, takesElementScreenshot=true, platformName=windows, platform=ANY}]
Session ID: 4CFA596E-34B8-44A2-983D-4D71CF9231E4
	at org.openqa.selenium.remote.ErrorHandler.createThrowable(ErrorHandler.java:206)
	at org.openqa.selenium.remote.ErrorHandler.throwIfResponseFailed(ErrorHandler.java:158)
	at org.openqa.selenium.remote.RemoteWebDriver.execute(RemoteWebDriver.java:678)
	at org.openqa.selenium.remote.RemoteWebDriver.executeScript(RemoteWebDriver.java:577)
	at utils.JavaScriptApiWait$1.apply(JavaScriptApiWait.java:19)
	at utils.JavaScriptApiWait$1.apply(JavaScriptApiWait.java:16)
	at org.openqa.selenium.support.ui.FluentWait.until(FluentWait.java:238)
	at utils.JavaScriptApiWait.waitForApiLoad(JavaScriptApiWait.java:26)
	at superPageObject_Classes.AppICE_Home_Login_Pages.homeBtnClick(AppICE_Home_Login_Pages.java:88)
	at ai_TC_For_AppICEHomePage.AppICEHomePage.loginpage_ValidUnAndEmptPw(AppICEHomePage.java:84)
... Removed 28 stack frames]]>
    </failure>
  </testcase> <!-- loginpage_ValidUnAndEmptPw -->
  <testcase name="loginpage_ValidUnAndInvalidPw" time="0.027" classname="ai_TC_For_AppICEHomePage.AppICEHomePage">
    <failure type="org.openqa.selenium.WebDriverException" message="&amp;apos;jQuery&amp;apos; is undefined (WARNING: The server did not provide any stacktrace information)
Command duration or timeout: 6 milliseconds
Build info: version: &amp;apos;2.53.1&amp;apos;, revision: &amp;apos;a36b8b1cd5757287168e54b817830adce9b0158d&amp;apos;, time: &amp;apos;2016-06-30 19:26:09&amp;apos;
System info: host: &amp;apos;RamaSwamy&amp;apos;, ip: &amp;apos;169.254.239.251&amp;apos;, os.name: &amp;apos;Windows 10&amp;apos;, os.arch: &amp;apos;amd64&amp;apos;, os.version: &amp;apos;10.0&amp;apos;, java.version: &amp;apos;1.8.0_60&amp;apos;
Driver info: org.openqa.selenium.chrome.ChromeDriver
Capabilities [{applicationCacheEnabled=true, acceptSslCerts=true, browserVersion=38.14393.1066.0, platformVersion=10, locationContextEnabled=true, webStorageEnabled=true, browserName=MicrosoftEdge, takesScreenshot=true, pageLoadStrategy=normal, takesElementScreenshot=true, platformName=windows, platform=ANY}]
Session ID: 4CFA596E-34B8-44A2-983D-4D71CF9231E4">
      <![CDATA[org.openqa.selenium.WebDriverException: 'jQuery' is undefined (WARNING: The server did not provide any stacktrace information)
Command duration or timeout: 6 milliseconds
Build info: version: '2.53.1', revision: 'a36b8b1cd5757287168e54b817830adce9b0158d', time: '2016-06-30 19:26:09'
System info: host: 'RamaSwamy', ip: '169.254.239.251', os.name: 'Windows 10', os.arch: 'amd64', os.version: '10.0', java.version: '1.8.0_60'
Driver info: org.openqa.selenium.chrome.ChromeDriver
Capabilities [{applicationCacheEnabled=true, acceptSslCerts=true, browserVersion=38.14393.1066.0, platformVersion=10, locationContextEnabled=true, webStorageEnabled=true, browserName=MicrosoftEdge, takesScreenshot=true, pageLoadStrategy=normal, takesElementScreenshot=true, platformName=windows, platform=ANY}]
Session ID: 4CFA596E-34B8-44A2-983D-4D71CF9231E4
	at org.openqa.selenium.remote.ErrorHandler.createThrowable(ErrorHandler.java:206)
	at org.openqa.selenium.remote.ErrorHandler.throwIfResponseFailed(ErrorHandler.java:158)
	at org.openqa.selenium.remote.RemoteWebDriver.execute(RemoteWebDriver.java:678)
	at org.openqa.selenium.remote.RemoteWebDriver.executeScript(RemoteWebDriver.java:577)
	at utils.JavaScriptApiWait$1.apply(JavaScriptApiWait.java:19)
	at utils.JavaScriptApiWait$1.apply(JavaScriptApiWait.java:16)
	at org.openqa.selenium.support.ui.FluentWait.until(FluentWait.java:238)
	at utils.JavaScriptApiWait.waitForApiLoad(JavaScriptApiWait.java:26)
	at superPageObject_Classes.AppICE_Home_Login_Pages.homeBtnClick(AppICE_Home_Login_Pages.java:88)
	at ai_TC_For_AppICEHomePage.AppICEHomePage.loginpage_ValidUnAndInvalidPw(AppICEHomePage.java:102)
... Removed 28 stack frames]]>
    </failure>
  </testcase> <!-- loginpage_ValidUnAndInvalidPw -->
  <testcase name="loginpage_InValidUnAndValidPw" time="1.021" classname="ai_TC_For_AppICEHomePage.AppICEHomePage">
    <failure type="org.openqa.selenium.WebDriverException" message="&amp;apos;jQuery&amp;apos; is undefined (WARNING: The server did not provide any stacktrace information)
Command duration or timeout: 9 milliseconds
Build info: version: &amp;apos;2.53.1&amp;apos;, revision: &amp;apos;a36b8b1cd5757287168e54b817830adce9b0158d&amp;apos;, time: &amp;apos;2016-06-30 19:26:09&amp;apos;
System info: host: &amp;apos;RamaSwamy&amp;apos;, ip: &amp;apos;169.254.239.251&amp;apos;, os.name: &amp;apos;Windows 10&amp;apos;, os.arch: &amp;apos;amd64&amp;apos;, os.version: &amp;apos;10.0&amp;apos;, java.version: &amp;apos;1.8.0_60&amp;apos;
Driver info: org.openqa.selenium.chrome.ChromeDriver
Capabilities [{applicationCacheEnabled=true, acceptSslCerts=true, browserVersion=38.14393.1066.0, platformVersion=10, locationContextEnabled=true, webStorageEnabled=true, browserName=MicrosoftEdge, takesScreenshot=true, pageLoadStrategy=normal, takesElementScreenshot=true, platformName=windows, platform=ANY}]
Session ID: 4CFA596E-34B8-44A2-983D-4D71CF9231E4">
      <![CDATA[org.openqa.selenium.WebDriverException: 'jQuery' is undefined (WARNING: The server did not provide any stacktrace information)
Command duration or timeout: 9 milliseconds
Build info: version: '2.53.1', revision: 'a36b8b1cd5757287168e54b817830adce9b0158d', time: '2016-06-30 19:26:09'
System info: host: 'RamaSwamy', ip: '169.254.239.251', os.name: 'Windows 10', os.arch: 'amd64', os.version: '10.0', java.version: '1.8.0_60'
Driver info: org.openqa.selenium.chrome.ChromeDriver
Capabilities [{applicationCacheEnabled=true, acceptSslCerts=true, browserVersion=38.14393.1066.0, platformVersion=10, locationContextEnabled=true, webStorageEnabled=true, browserName=MicrosoftEdge, takesScreenshot=true, pageLoadStrategy=normal, takesElementScreenshot=true, platformName=windows, platform=ANY}]
Session ID: 4CFA596E-34B8-44A2-983D-4D71CF9231E4
	at org.openqa.selenium.remote.ErrorHandler.createThrowable(ErrorHandler.java:206)
	at org.openqa.selenium.remote.ErrorHandler.throwIfResponseFailed(ErrorHandler.java:158)
	at org.openqa.selenium.remote.RemoteWebDriver.execute(RemoteWebDriver.java:678)
	at org.openqa.selenium.remote.RemoteWebDriver.executeScript(RemoteWebDriver.java:577)
	at utils.JavaScriptApiWait$1.apply(JavaScriptApiWait.java:19)
	at utils.JavaScriptApiWait$1.apply(JavaScriptApiWait.java:16)
	at org.openqa.selenium.support.ui.FluentWait.until(FluentWait.java:238)
	at utils.JavaScriptApiWait.waitForApiLoad(JavaScriptApiWait.java:26)
	at superPageObject_Classes.AppICE_Home_Login_Pages.homeBtnClick(AppICE_Home_Login_Pages.java:88)
	at ai_TC_For_AppICEHomePage.AppICEHomePage.loginpage_InValidUnAndValidPw(AppICEHomePage.java:126)
... Removed 28 stack frames]]>
    </failure>
  </testcase> <!-- loginpage_InValidUnAndValidPw -->
  <testcase name="loginpage_InValidRandAndvalid" time="1.022" classname="ai_TC_For_AppICEHomePage.AppICEHomePage">
    <failure type="org.openqa.selenium.WebDriverException" message="&amp;apos;jQuery&amp;apos; is undefined (WARNING: The server did not provide any stacktrace information)
Command duration or timeout: 10 milliseconds
Build info: version: &amp;apos;2.53.1&amp;apos;, revision: &amp;apos;a36b8b1cd5757287168e54b817830adce9b0158d&amp;apos;, time: &amp;apos;2016-06-30 19:26:09&amp;apos;
System info: host: &amp;apos;RamaSwamy&amp;apos;, ip: &amp;apos;169.254.239.251&amp;apos;, os.name: &amp;apos;Windows 10&amp;apos;, os.arch: &amp;apos;amd64&amp;apos;, os.version: &amp;apos;10.0&amp;apos;, java.version: &amp;apos;1.8.0_60&amp;apos;
Driver info: org.openqa.selenium.chrome.ChromeDriver
Capabilities [{applicationCacheEnabled=true, acceptSslCerts=true, browserVersion=38.14393.1066.0, platformVersion=10, locationContextEnabled=true, webStorageEnabled=true, browserName=MicrosoftEdge, takesScreenshot=true, pageLoadStrategy=normal, takesElementScreenshot=true, platformName=windows, platform=ANY}]
Session ID: 4CFA596E-34B8-44A2-983D-4D71CF9231E4">
      <![CDATA[org.openqa.selenium.WebDriverException: 'jQuery' is undefined (WARNING: The server did not provide any stacktrace information)
Command duration or timeout: 10 milliseconds
Build info: version: '2.53.1', revision: 'a36b8b1cd5757287168e54b817830adce9b0158d', time: '2016-06-30 19:26:09'
System info: host: 'RamaSwamy', ip: '169.254.239.251', os.name: 'Windows 10', os.arch: 'amd64', os.version: '10.0', java.version: '1.8.0_60'
Driver info: org.openqa.selenium.chrome.ChromeDriver
Capabilities [{applicationCacheEnabled=true, acceptSslCerts=true, browserVersion=38.14393.1066.0, platformVersion=10, locationContextEnabled=true, webStorageEnabled=true, browserName=MicrosoftEdge, takesScreenshot=true, pageLoadStrategy=normal, takesElementScreenshot=true, platformName=windows, platform=ANY}]
Session ID: 4CFA596E-34B8-44A2-983D-4D71CF9231E4
	at org.openqa.selenium.remote.ErrorHandler.createThrowable(ErrorHandler.java:206)
	at org.openqa.selenium.remote.ErrorHandler.throwIfResponseFailed(ErrorHandler.java:158)
	at org.openqa.selenium.remote.RemoteWebDriver.execute(RemoteWebDriver.java:678)
	at org.openqa.selenium.remote.RemoteWebDriver.executeScript(RemoteWebDriver.java:577)
	at utils.JavaScriptApiWait$1.apply(JavaScriptApiWait.java:19)
	at utils.JavaScriptApiWait$1.apply(JavaScriptApiWait.java:16)
	at org.openqa.selenium.support.ui.FluentWait.until(FluentWait.java:238)
	at utils.JavaScriptApiWait.waitForApiLoad(JavaScriptApiWait.java:26)
	at superPageObject_Classes.AppICE_Home_Login_Pages.homeBtnClick(AppICE_Home_Login_Pages.java:88)
	at ai_TC_For_AppICEHomePage.AppICEHomePage.loginpage_InValidRandAndvalid(AppICEHomePage.java:156)
... Removed 28 stack frames]]>
    </failure>
  </testcase> <!-- loginpage_InValidRandAndvalid -->
  <testcase name="loginpage_ValidUnAndValidPw" time="0.013" classname="ai_TC_For_AppICEHomePage.AppICEHomePage">
    <failure type="org.openqa.selenium.WebDriverException" message="&amp;apos;jQuery&amp;apos; is undefined (WARNING: The server did not provide any stacktrace information)
Command duration or timeout: 4 milliseconds
Build info: version: &amp;apos;2.53.1&amp;apos;, revision: &amp;apos;a36b8b1cd5757287168e54b817830adce9b0158d&amp;apos;, time: &amp;apos;2016-06-30 19:26:09&amp;apos;
System info: host: &amp;apos;RamaSwamy&amp;apos;, ip: &amp;apos;169.254.239.251&amp;apos;, os.name: &amp;apos;Windows 10&amp;apos;, os.arch: &amp;apos;amd64&amp;apos;, os.version: &amp;apos;10.0&amp;apos;, java.version: &amp;apos;1.8.0_60&amp;apos;
Driver info: org.openqa.selenium.chrome.ChromeDriver
Capabilities [{applicationCacheEnabled=true, acceptSslCerts=true, browserVersion=38.14393.1066.0, platformVersion=10, locationContextEnabled=true, webStorageEnabled=true, browserName=MicrosoftEdge, takesScreenshot=true, pageLoadStrategy=normal, takesElementScreenshot=true, platformName=windows, platform=ANY}]
Session ID: 4CFA596E-34B8-44A2-983D-4D71CF9231E4">
      <![CDATA[org.openqa.selenium.WebDriverException: 'jQuery' is undefined (WARNING: The server did not provide any stacktrace information)
Command duration or timeout: 4 milliseconds
Build info: version: '2.53.1', revision: 'a36b8b1cd5757287168e54b817830adce9b0158d', time: '2016-06-30 19:26:09'
System info: host: 'RamaSwamy', ip: '169.254.239.251', os.name: 'Windows 10', os.arch: 'amd64', os.version: '10.0', java.version: '1.8.0_60'
Driver info: org.openqa.selenium.chrome.ChromeDriver
Capabilities [{applicationCacheEnabled=true, acceptSslCerts=true, browserVersion=38.14393.1066.0, platformVersion=10, locationContextEnabled=true, webStorageEnabled=true, browserName=MicrosoftEdge, takesScreenshot=true, pageLoadStrategy=normal, takesElementScreenshot=true, platformName=windows, platform=ANY}]
Session ID: 4CFA596E-34B8-44A2-983D-4D71CF9231E4
	at org.openqa.selenium.remote.ErrorHandler.createThrowable(ErrorHandler.java:206)
	at org.openqa.selenium.remote.ErrorHandler.throwIfResponseFailed(ErrorHandler.java:158)
	at org.openqa.selenium.remote.RemoteWebDriver.execute(RemoteWebDriver.java:678)
	at org.openqa.selenium.remote.RemoteWebDriver.executeScript(RemoteWebDriver.java:577)
	at utils.JavaScriptApiWait$1.apply(JavaScriptApiWait.java:19)
	at utils.JavaScriptApiWait$1.apply(JavaScriptApiWait.java:16)
	at org.openqa.selenium.support.ui.FluentWait.until(FluentWait.java:238)
	at utils.JavaScriptApiWait.waitForApiLoad(JavaScriptApiWait.java:26)
	at superPageObject_Classes.AppICE_Home_Login_Pages.homeBtnClick(AppICE_Home_Login_Pages.java:88)
	at ai_TC_For_AppICEHomePage.AppICEHomePage.loginpage_ValidUnAndValidPw(AppICEHomePage.java:53)
... Removed 28 stack frames]]>
    </failure>
  </testcase> <!-- loginpage_ValidUnAndValidPw -->
  <testcase name="RegisterPageInValidData" time="8.36" classname="ai_TC_For_AppICEHomePage.AppICERegisterPage"/>
  <testcase name="RegisterPageInValidData" time="29.36" classname="ai_TC_For_AppICEHomePage.AppICERegisterPage"/>
  <testcase name="RegisterPageInValidData" time="30.231" classname="ai_TC_For_AppICEHomePage.AppICERegisterPage"/>
  <testcase name="RegisterPageInValidData" time="29.257" classname="ai_TC_For_AppICEHomePage.AppICERegisterPage"/>
  <testcase name="RegisterPageValidData" time="5.966" classname="ai_TC_For_AppICEHomePage.AppICERegisterPage"/>
  <testcase name="loginpage" time="1.283" classname="appICE_Pages.AppsDashboard"/>
  <testcase name="todayDateRange" time="17.601" classname="appICE_Pages.AppsDashboard">
    <failure type="org.openqa.selenium.StaleElementReferenceException" message="Stale element reference (WARNING: The server did not provide any stacktrace information)
Command duration or timeout: 6 milliseconds
For documentation on this error, please visit: http://seleniumhq.org/exceptions/stale_element_reference.html
Build info: version: &amp;apos;2.53.1&amp;apos;, revision: &amp;apos;a36b8b1cd5757287168e54b817830adce9b0158d&amp;apos;, time: &amp;apos;2016-06-30 19:26:09&amp;apos;
System info: host: &amp;apos;RamaSwamy&amp;apos;, ip: &amp;apos;169.254.239.251&amp;apos;, os.name: &amp;apos;Windows 10&amp;apos;, os.arch: &amp;apos;amd64&amp;apos;, os.version: &amp;apos;10.0&amp;apos;, java.version: &amp;apos;1.8.0_60&amp;apos;
Driver info: org.openqa.selenium.chrome.ChromeDriver
Capabilities [{applicationCacheEnabled=true, acceptSslCerts=true, browserVersion=38.14393.1066.0, platformVersion=10, locationContextEnabled=true, webStorageEnabled=true, browserName=MicrosoftEdge, takesScreenshot=true, pageLoadStrategy=normal, takesElementScreenshot=true, platformName=windows, platform=ANY}]
Session ID: B0DC788E-5C52-4D4C-B248-E7FFDC199281">
      <![CDATA[org.openqa.selenium.StaleElementReferenceException: Stale element reference (WARNING: The server did not provide any stacktrace information)
Command duration or timeout: 6 milliseconds
For documentation on this error, please visit: http://seleniumhq.org/exceptions/stale_element_reference.html
Build info: version: '2.53.1', revision: 'a36b8b1cd5757287168e54b817830adce9b0158d', time: '2016-06-30 19:26:09'
System info: host: 'RamaSwamy', ip: '169.254.239.251', os.name: 'Windows 10', os.arch: 'amd64', os.version: '10.0', java.version: '1.8.0_60'
Driver info: org.openqa.selenium.chrome.ChromeDriver
Capabilities [{applicationCacheEnabled=true, acceptSslCerts=true, browserVersion=38.14393.1066.0, platformVersion=10, locationContextEnabled=true, webStorageEnabled=true, browserName=MicrosoftEdge, takesScreenshot=true, pageLoadStrategy=normal, takesElementScreenshot=true, platformName=windows, platform=ANY}]
Session ID: B0DC788E-5C52-4D4C-B248-E7FFDC199281
	at org.openqa.selenium.remote.ErrorHandler.createThrowable(ErrorHandler.java:206)
	at org.openqa.selenium.remote.ErrorHandler.throwIfResponseFailed(ErrorHandler.java:158)
	at org.openqa.selenium.remote.RemoteWebDriver.execute(RemoteWebDriver.java:678)
	at org.openqa.selenium.remote.RemoteWebDriver.executeScript(RemoteWebDriver.java:577)
	at utils.DynamicAppSelection.appSelection(DynamicAppSelection.java:20)
	at appICE_Pages.AppsDashboard.todayDateRange(AppsDashboard.java:57)
... Removed 28 stack frames]]>
    </failure>
  </testcase> <!-- todayDateRange -->
  <testcase name="todayDateRange" time="5.012" classname="appICE_Pages.AppsDashboard">
    <failure type="org.openqa.selenium.StaleElementReferenceException" message="Stale element reference (WARNING: The server did not provide any stacktrace information)
Command duration or timeout: 13 milliseconds
For documentation on this error, please visit: http://seleniumhq.org/exceptions/stale_element_reference.html
Build info: version: &amp;apos;2.53.1&amp;apos;, revision: &amp;apos;a36b8b1cd5757287168e54b817830adce9b0158d&amp;apos;, time: &amp;apos;2016-06-30 19:26:09&amp;apos;
System info: host: &amp;apos;RamaSwamy&amp;apos;, ip: &amp;apos;169.254.239.251&amp;apos;, os.name: &amp;apos;Windows 10&amp;apos;, os.arch: &amp;apos;amd64&amp;apos;, os.version: &amp;apos;10.0&amp;apos;, java.version: &amp;apos;1.8.0_60&amp;apos;
Driver info: org.openqa.selenium.chrome.ChromeDriver
Capabilities [{applicationCacheEnabled=true, acceptSslCerts=true, browserVersion=38.14393.1066.0, platformVersion=10, locationContextEnabled=true, webStorageEnabled=true, browserName=MicrosoftEdge, takesScreenshot=true, pageLoadStrategy=normal, takesElementScreenshot=true, platformName=windows, platform=ANY}]
Session ID: B0DC788E-5C52-4D4C-B248-E7FFDC199281">
      <![CDATA[org.openqa.selenium.StaleElementReferenceException: Stale element reference (WARNING: The server did not provide any stacktrace information)
Command duration or timeout: 13 milliseconds
For documentation on this error, please visit: http://seleniumhq.org/exceptions/stale_element_reference.html
Build info: version: '2.53.1', revision: 'a36b8b1cd5757287168e54b817830adce9b0158d', time: '2016-06-30 19:26:09'
System info: host: 'RamaSwamy', ip: '169.254.239.251', os.name: 'Windows 10', os.arch: 'amd64', os.version: '10.0', java.version: '1.8.0_60'
Driver info: org.openqa.selenium.chrome.ChromeDriver
Capabilities [{applicationCacheEnabled=true, acceptSslCerts=true, browserVersion=38.14393.1066.0, platformVersion=10, locationContextEnabled=true, webStorageEnabled=true, browserName=MicrosoftEdge, takesScreenshot=true, pageLoadStrategy=normal, takesElementScreenshot=true, platformName=windows, platform=ANY}]
Session ID: B0DC788E-5C52-4D4C-B248-E7FFDC199281
	at org.openqa.selenium.remote.ErrorHandler.createThrowable(ErrorHandler.java:206)
	at org.openqa.selenium.remote.ErrorHandler.throwIfResponseFailed(ErrorHandler.java:158)
	at org.openqa.selenium.remote.RemoteWebDriver.execute(RemoteWebDriver.java:678)
	at org.openqa.selenium.remote.RemoteWebDriver.executeScript(RemoteWebDriver.java:577)
	at utils.DynamicAppSelection.appSelection(DynamicAppSelection.java:20)
	at appICE_Pages.AppsDashboard.todayDateRange(AppsDashboard.java:57)
... Removed 28 stack frames]]>
    </failure>
  </testcase> <!-- todayDateRange -->
  <testcase name="todayDateRange" time="5.334" classname="appICE_Pages.AppsDashboard">
    <failure type="org.openqa.selenium.StaleElementReferenceException" message="Stale element reference (WARNING: The server did not provide any stacktrace information)
Command duration or timeout: 3 milliseconds
For documentation on this error, please visit: http://seleniumhq.org/exceptions/stale_element_reference.html
Build info: version: &amp;apos;2.53.1&amp;apos;, revision: &amp;apos;a36b8b1cd5757287168e54b817830adce9b0158d&amp;apos;, time: &amp;apos;2016-06-30 19:26:09&amp;apos;
System info: host: &amp;apos;RamaSwamy&amp;apos;, ip: &amp;apos;169.254.239.251&amp;apos;, os.name: &amp;apos;Windows 10&amp;apos;, os.arch: &amp;apos;amd64&amp;apos;, os.version: &amp;apos;10.0&amp;apos;, java.version: &amp;apos;1.8.0_60&amp;apos;
Driver info: org.openqa.selenium.chrome.ChromeDriver
Capabilities [{applicationCacheEnabled=true, acceptSslCerts=true, browserVersion=38.14393.1066.0, platformVersion=10, locationContextEnabled=true, webStorageEnabled=true, browserName=MicrosoftEdge, takesScreenshot=true, pageLoadStrategy=normal, takesElementScreenshot=true, platformName=windows, platform=ANY}]
Session ID: B0DC788E-5C52-4D4C-B248-E7FFDC199281">
      <![CDATA[org.openqa.selenium.StaleElementReferenceException: Stale element reference (WARNING: The server did not provide any stacktrace information)
Command duration or timeout: 3 milliseconds
For documentation on this error, please visit: http://seleniumhq.org/exceptions/stale_element_reference.html
Build info: version: '2.53.1', revision: 'a36b8b1cd5757287168e54b817830adce9b0158d', time: '2016-06-30 19:26:09'
System info: host: 'RamaSwamy', ip: '169.254.239.251', os.name: 'Windows 10', os.arch: 'amd64', os.version: '10.0', java.version: '1.8.0_60'
Driver info: org.openqa.selenium.chrome.ChromeDriver
Capabilities [{applicationCacheEnabled=true, acceptSslCerts=true, browserVersion=38.14393.1066.0, platformVersion=10, locationContextEnabled=true, webStorageEnabled=true, browserName=MicrosoftEdge, takesScreenshot=true, pageLoadStrategy=normal, takesElementScreenshot=true, platformName=windows, platform=ANY}]
Session ID: B0DC788E-5C52-4D4C-B248-E7FFDC199281
	at org.openqa.selenium.remote.ErrorHandler.createThrowable(ErrorHandler.java:206)
	at org.openqa.selenium.remote.ErrorHandler.throwIfResponseFailed(ErrorHandler.java:158)
	at org.openqa.selenium.remote.RemoteWebDriver.execute(RemoteWebDriver.java:678)
	at org.openqa.selenium.remote.RemoteWebDriver.executeScript(RemoteWebDriver.java:577)
	at utils.DynamicAppSelection.appSelection(DynamicAppSelection.java:20)
	at appICE_Pages.AppsDashboard.todayDateRange(AppsDashboard.java:57)
... Removed 28 stack frames]]>
    </failure>
  </testcase> <!-- todayDateRange -->
  <testcase name="todayDateRange" time="5.402" classname="appICE_Pages.AppsDashboard">
    <failure type="org.openqa.selenium.StaleElementReferenceException" message="Stale element reference (WARNING: The server did not provide any stacktrace information)
Command duration or timeout: 2 milliseconds
For documentation on this error, please visit: http://seleniumhq.org/exceptions/stale_element_reference.html
Build info: version: &amp;apos;2.53.1&amp;apos;, revision: &amp;apos;a36b8b1cd5757287168e54b817830adce9b0158d&amp;apos;, time: &amp;apos;2016-06-30 19:26:09&amp;apos;
System info: host: &amp;apos;RamaSwamy&amp;apos;, ip: &amp;apos;169.254.239.251&amp;apos;, os.name: &amp;apos;Windows 10&amp;apos;, os.arch: &amp;apos;amd64&amp;apos;, os.version: &amp;apos;10.0&amp;apos;, java.version: &amp;apos;1.8.0_60&amp;apos;
Driver info: org.openqa.selenium.chrome.ChromeDriver
Capabilities [{applicationCacheEnabled=true, acceptSslCerts=true, browserVersion=38.14393.1066.0, platformVersion=10, locationContextEnabled=true, webStorageEnabled=true, browserName=MicrosoftEdge, takesScreenshot=true, pageLoadStrategy=normal, takesElementScreenshot=true, platformName=windows, platform=ANY}]
Session ID: B0DC788E-5C52-4D4C-B248-E7FFDC199281">
      <![CDATA[org.openqa.selenium.StaleElementReferenceException: Stale element reference (WARNING: The server did not provide any stacktrace information)
Command duration or timeout: 2 milliseconds
For documentation on this error, please visit: http://seleniumhq.org/exceptions/stale_element_reference.html
Build info: version: '2.53.1', revision: 'a36b8b1cd5757287168e54b817830adce9b0158d', time: '2016-06-30 19:26:09'
System info: host: 'RamaSwamy', ip: '169.254.239.251', os.name: 'Windows 10', os.arch: 'amd64', os.version: '10.0', java.version: '1.8.0_60'
Driver info: org.openqa.selenium.chrome.ChromeDriver
Capabilities [{applicationCacheEnabled=true, acceptSslCerts=true, browserVersion=38.14393.1066.0, platformVersion=10, locationContextEnabled=true, webStorageEnabled=true, browserName=MicrosoftEdge, takesScreenshot=true, pageLoadStrategy=normal, takesElementScreenshot=true, platformName=windows, platform=ANY}]
Session ID: B0DC788E-5C52-4D4C-B248-E7FFDC199281
	at org.openqa.selenium.remote.ErrorHandler.createThrowable(ErrorHandler.java:206)
	at org.openqa.selenium.remote.ErrorHandler.throwIfResponseFailed(ErrorHandler.java:158)
	at org.openqa.selenium.remote.RemoteWebDriver.execute(RemoteWebDriver.java:678)
	at org.openqa.selenium.remote.RemoteWebDriver.executeScript(RemoteWebDriver.java:577)
	at utils.DynamicAppSelection.appSelection(DynamicAppSelection.java:20)
	at appICE_Pages.AppsDashboard.todayDateRange(AppsDashboard.java:57)
... Removed 28 stack frames]]>
    </failure>
  </testcase> <!-- todayDateRange -->
  <testcase name="yesterdayDateRange" time="5.289" classname="appICE_Pages.AppsDashboard">
    <failure type="org.openqa.selenium.StaleElementReferenceException" message="Stale element reference (WARNING: The server did not provide any stacktrace information)
Command duration or timeout: 11 milliseconds
For documentation on this error, please visit: http://seleniumhq.org/exceptions/stale_element_reference.html
Build info: version: &amp;apos;2.53.1&amp;apos;, revision: &amp;apos;a36b8b1cd5757287168e54b817830adce9b0158d&amp;apos;, time: &amp;apos;2016-06-30 19:26:09&amp;apos;
System info: host: &amp;apos;RamaSwamy&amp;apos;, ip: &amp;apos;169.254.239.251&amp;apos;, os.name: &amp;apos;Windows 10&amp;apos;, os.arch: &amp;apos;amd64&amp;apos;, os.version: &amp;apos;10.0&amp;apos;, java.version: &amp;apos;1.8.0_60&amp;apos;
Driver info: org.openqa.selenium.chrome.ChromeDriver
Capabilities [{applicationCacheEnabled=true, acceptSslCerts=true, browserVersion=38.14393.1066.0, platformVersion=10, locationContextEnabled=true, webStorageEnabled=true, browserName=MicrosoftEdge, takesScreenshot=true, pageLoadStrategy=normal, takesElementScreenshot=true, platformName=windows, platform=ANY}]
Session ID: B0DC788E-5C52-4D4C-B248-E7FFDC199281">
      <![CDATA[org.openqa.selenium.StaleElementReferenceException: Stale element reference (WARNING: The server did not provide any stacktrace information)
Command duration or timeout: 11 milliseconds
For documentation on this error, please visit: http://seleniumhq.org/exceptions/stale_element_reference.html
Build info: version: '2.53.1', revision: 'a36b8b1cd5757287168e54b817830adce9b0158d', time: '2016-06-30 19:26:09'
System info: host: 'RamaSwamy', ip: '169.254.239.251', os.name: 'Windows 10', os.arch: 'amd64', os.version: '10.0', java.version: '1.8.0_60'
Driver info: org.openqa.selenium.chrome.ChromeDriver
Capabilities [{applicationCacheEnabled=true, acceptSslCerts=true, browserVersion=38.14393.1066.0, platformVersion=10, locationContextEnabled=true, webStorageEnabled=true, browserName=MicrosoftEdge, takesScreenshot=true, pageLoadStrategy=normal, takesElementScreenshot=true, platformName=windows, platform=ANY}]
Session ID: B0DC788E-5C52-4D4C-B248-E7FFDC199281
	at org.openqa.selenium.remote.ErrorHandler.createThrowable(ErrorHandler.java:206)
	at org.openqa.selenium.remote.ErrorHandler.throwIfResponseFailed(ErrorHandler.java:158)
	at org.openqa.selenium.remote.RemoteWebDriver.execute(RemoteWebDriver.java:678)
	at org.openqa.selenium.remote.RemoteWebDriver.executeScript(RemoteWebDriver.java:577)
	at utils.DynamicAppSelection.appSelection(DynamicAppSelection.java:20)
	at appICE_Pages.AppsDashboard.yesterdayDateRange(AppsDashboard.java:80)
... Removed 28 stack frames]]>
    </failure>
  </testcase> <!-- yesterdayDateRange -->
  <testcase name="yesterdayDateRange" time="5.265" classname="appICE_Pages.AppsDashboard">
    <failure type="org.openqa.selenium.StaleElementReferenceException" message="Stale element reference (WARNING: The server did not provide any stacktrace information)
Command duration or timeout: 4 milliseconds
For documentation on this error, please visit: http://seleniumhq.org/exceptions/stale_element_reference.html
Build info: version: &amp;apos;2.53.1&amp;apos;, revision: &amp;apos;a36b8b1cd5757287168e54b817830adce9b0158d&amp;apos;, time: &amp;apos;2016-06-30 19:26:09&amp;apos;
System info: host: &amp;apos;RamaSwamy&amp;apos;, ip: &amp;apos;169.254.239.251&amp;apos;, os.name: &amp;apos;Windows 10&amp;apos;, os.arch: &amp;apos;amd64&amp;apos;, os.version: &amp;apos;10.0&amp;apos;, java.version: &amp;apos;1.8.0_60&amp;apos;
Driver info: org.openqa.selenium.chrome.ChromeDriver
Capabilities [{applicationCacheEnabled=true, acceptSslCerts=true, browserVersion=38.14393.1066.0, platformVersion=10, locationContextEnabled=true, webStorageEnabled=true, browserName=MicrosoftEdge, takesScreenshot=true, pageLoadStrategy=normal, takesElementScreenshot=true, platformName=windows, platform=ANY}]
Session ID: B0DC788E-5C52-4D4C-B248-E7FFDC199281">
      <![CDATA[org.openqa.selenium.StaleElementReferenceException: Stale element reference (WARNING: The server did not provide any stacktrace information)
Command duration or timeout: 4 milliseconds
For documentation on this error, please visit: http://seleniumhq.org/exceptions/stale_element_reference.html
Build info: version: '2.53.1', revision: 'a36b8b1cd5757287168e54b817830adce9b0158d', time: '2016-06-30 19:26:09'
System info: host: 'RamaSwamy', ip: '169.254.239.251', os.name: 'Windows 10', os.arch: 'amd64', os.version: '10.0', java.version: '1.8.0_60'
Driver info: org.openqa.selenium.chrome.ChromeDriver
Capabilities [{applicationCacheEnabled=true, acceptSslCerts=true, browserVersion=38.14393.1066.0, platformVersion=10, locationContextEnabled=true, webStorageEnabled=true, browserName=MicrosoftEdge, takesScreenshot=true, pageLoadStrategy=normal, takesElementScreenshot=true, platformName=windows, platform=ANY}]
Session ID: B0DC788E-5C52-4D4C-B248-E7FFDC199281
	at org.openqa.selenium.remote.ErrorHandler.createThrowable(ErrorHandler.java:206)
	at org.openqa.selenium.remote.ErrorHandler.throwIfResponseFailed(ErrorHandler.java:158)
	at org.openqa.selenium.remote.RemoteWebDriver.execute(RemoteWebDriver.java:678)
	at org.openqa.selenium.remote.RemoteWebDriver.executeScript(RemoteWebDriver.java:577)
	at utils.DynamicAppSelection.appSelection(DynamicAppSelection.java:20)
	at appICE_Pages.AppsDashboard.yesterdayDateRange(AppsDashboard.java:80)
... Removed 28 stack frames]]>
    </failure>
  </testcase> <!-- yesterdayDateRange -->
  <testcase name="yesterdayDateRange" time="6.088" classname="appICE_Pages.AppsDashboard">
    <failure type="org.openqa.selenium.StaleElementReferenceException" message="Stale element reference (WARNING: The server did not provide any stacktrace information)
Command duration or timeout: 131 milliseconds
For documentation on this error, please visit: http://seleniumhq.org/exceptions/stale_element_reference.html
Build info: version: &amp;apos;2.53.1&amp;apos;, revision: &amp;apos;a36b8b1cd5757287168e54b817830adce9b0158d&amp;apos;, time: &amp;apos;2016-06-30 19:26:09&amp;apos;
System info: host: &amp;apos;RamaSwamy&amp;apos;, ip: &amp;apos;169.254.239.251&amp;apos;, os.name: &amp;apos;Windows 10&amp;apos;, os.arch: &amp;apos;amd64&amp;apos;, os.version: &amp;apos;10.0&amp;apos;, java.version: &amp;apos;1.8.0_60&amp;apos;
Driver info: org.openqa.selenium.chrome.ChromeDriver
Capabilities [{applicationCacheEnabled=true, acceptSslCerts=true, browserVersion=38.14393.1066.0, platformVersion=10, locationContextEnabled=true, webStorageEnabled=true, browserName=MicrosoftEdge, takesScreenshot=true, pageLoadStrategy=normal, takesElementScreenshot=true, platformName=windows, platform=ANY}]
Session ID: B0DC788E-5C52-4D4C-B248-E7FFDC199281">
      <![CDATA[org.openqa.selenium.StaleElementReferenceException: Stale element reference (WARNING: The server did not provide any stacktrace information)
Command duration or timeout: 131 milliseconds
For documentation on this error, please visit: http://seleniumhq.org/exceptions/stale_element_reference.html
Build info: version: '2.53.1', revision: 'a36b8b1cd5757287168e54b817830adce9b0158d', time: '2016-06-30 19:26:09'
System info: host: 'RamaSwamy', ip: '169.254.239.251', os.name: 'Windows 10', os.arch: 'amd64', os.version: '10.0', java.version: '1.8.0_60'
Driver info: org.openqa.selenium.chrome.ChromeDriver
Capabilities [{applicationCacheEnabled=true, acceptSslCerts=true, browserVersion=38.14393.1066.0, platformVersion=10, locationContextEnabled=true, webStorageEnabled=true, browserName=MicrosoftEdge, takesScreenshot=true, pageLoadStrategy=normal, takesElementScreenshot=true, platformName=windows, platform=ANY}]
Session ID: B0DC788E-5C52-4D4C-B248-E7FFDC199281
	at org.openqa.selenium.remote.ErrorHandler.createThrowable(ErrorHandler.java:206)
	at org.openqa.selenium.remote.ErrorHandler.throwIfResponseFailed(ErrorHandler.java:158)
	at org.openqa.selenium.remote.RemoteWebDriver.execute(RemoteWebDriver.java:678)
	at org.openqa.selenium.remote.RemoteWebDriver.executeScript(RemoteWebDriver.java:577)
	at utils.DynamicAppSelection.appSelection(DynamicAppSelection.java:20)
	at appICE_Pages.AppsDashboard.yesterdayDateRange(AppsDashboard.java:80)
... Removed 28 stack frames]]>
    </failure>
  </testcase> <!-- yesterdayDateRange -->
  <testcase name="yesterdayDateRange" time="5.323" classname="appICE_Pages.AppsDashboard">
    <failure type="org.openqa.selenium.StaleElementReferenceException" message="Stale element reference (WARNING: The server did not provide any stacktrace information)
Command duration or timeout: 7 milliseconds
For documentation on this error, please visit: http://seleniumhq.org/exceptions/stale_element_reference.html
Build info: version: &amp;apos;2.53.1&amp;apos;, revision: &amp;apos;a36b8b1cd5757287168e54b817830adce9b0158d&amp;apos;, time: &amp;apos;2016-06-30 19:26:09&amp;apos;
System info: host: &amp;apos;RamaSwamy&amp;apos;, ip: &amp;apos;169.254.239.251&amp;apos;, os.name: &amp;apos;Windows 10&amp;apos;, os.arch: &amp;apos;amd64&amp;apos;, os.version: &amp;apos;10.0&amp;apos;, java.version: &amp;apos;1.8.0_60&amp;apos;
Driver info: org.openqa.selenium.chrome.ChromeDriver
Capabilities [{applicationCacheEnabled=true, acceptSslCerts=true, browserVersion=38.14393.1066.0, platformVersion=10, locationContextEnabled=true, webStorageEnabled=true, browserName=MicrosoftEdge, takesScreenshot=true, pageLoadStrategy=normal, takesElementScreenshot=true, platformName=windows, platform=ANY}]
Session ID: B0DC788E-5C52-4D4C-B248-E7FFDC199281">
      <![CDATA[org.openqa.selenium.StaleElementReferenceException: Stale element reference (WARNING: The server did not provide any stacktrace information)
Command duration or timeout: 7 milliseconds
For documentation on this error, please visit: http://seleniumhq.org/exceptions/stale_element_reference.html
Build info: version: '2.53.1', revision: 'a36b8b1cd5757287168e54b817830adce9b0158d', time: '2016-06-30 19:26:09'
System info: host: 'RamaSwamy', ip: '169.254.239.251', os.name: 'Windows 10', os.arch: 'amd64', os.version: '10.0', java.version: '1.8.0_60'
Driver info: org.openqa.selenium.chrome.ChromeDriver
Capabilities [{applicationCacheEnabled=true, acceptSslCerts=true, browserVersion=38.14393.1066.0, platformVersion=10, locationContextEnabled=true, webStorageEnabled=true, browserName=MicrosoftEdge, takesScreenshot=true, pageLoadStrategy=normal, takesElementScreenshot=true, platformName=windows, platform=ANY}]
Session ID: B0DC788E-5C52-4D4C-B248-E7FFDC199281
	at org.openqa.selenium.remote.ErrorHandler.createThrowable(ErrorHandler.java:206)
	at org.openqa.selenium.remote.ErrorHandler.throwIfResponseFailed(ErrorHandler.java:158)
	at org.openqa.selenium.remote.RemoteWebDriver.execute(RemoteWebDriver.java:678)
	at org.openqa.selenium.remote.RemoteWebDriver.executeScript(RemoteWebDriver.java:577)
	at utils.DynamicAppSelection.appSelection(DynamicAppSelection.java:20)
	at appICE_Pages.AppsDashboard.yesterdayDateRange(AppsDashboard.java:80)
... Removed 28 stack frames]]>
    </failure>
  </testcase> <!-- yesterdayDateRange -->
  <testcase name="lastSevendays" time="5.325" classname="appICE_Pages.AppsDashboard">
    <failure type="org.openqa.selenium.StaleElementReferenceException" message="Stale element reference (WARNING: The server did not provide any stacktrace information)
Command duration or timeout: 2 milliseconds
For documentation on this error, please visit: http://seleniumhq.org/exceptions/stale_element_reference.html
Build info: version: &amp;apos;2.53.1&amp;apos;, revision: &amp;apos;a36b8b1cd5757287168e54b817830adce9b0158d&amp;apos;, time: &amp;apos;2016-06-30 19:26:09&amp;apos;
System info: host: &amp;apos;RamaSwamy&amp;apos;, ip: &amp;apos;169.254.239.251&amp;apos;, os.name: &amp;apos;Windows 10&amp;apos;, os.arch: &amp;apos;amd64&amp;apos;, os.version: &amp;apos;10.0&amp;apos;, java.version: &amp;apos;1.8.0_60&amp;apos;
Driver info: org.openqa.selenium.chrome.ChromeDriver
Capabilities [{applicationCacheEnabled=true, acceptSslCerts=true, browserVersion=38.14393.1066.0, platformVersion=10, locationContextEnabled=true, webStorageEnabled=true, browserName=MicrosoftEdge, takesScreenshot=true, pageLoadStrategy=normal, takesElementScreenshot=true, platformName=windows, platform=ANY}]
Session ID: B0DC788E-5C52-4D4C-B248-E7FFDC199281">
      <![CDATA[org.openqa.selenium.StaleElementReferenceException: Stale element reference (WARNING: The server did not provide any stacktrace information)
Command duration or timeout: 2 milliseconds
For documentation on this error, please visit: http://seleniumhq.org/exceptions/stale_element_reference.html
Build info: version: '2.53.1', revision: 'a36b8b1cd5757287168e54b817830adce9b0158d', time: '2016-06-30 19:26:09'
System info: host: 'RamaSwamy', ip: '169.254.239.251', os.name: 'Windows 10', os.arch: 'amd64', os.version: '10.0', java.version: '1.8.0_60'
Driver info: org.openqa.selenium.chrome.ChromeDriver
Capabilities [{applicationCacheEnabled=true, acceptSslCerts=true, browserVersion=38.14393.1066.0, platformVersion=10, locationContextEnabled=true, webStorageEnabled=true, browserName=MicrosoftEdge, takesScreenshot=true, pageLoadStrategy=normal, takesElementScreenshot=true, platformName=windows, platform=ANY}]
Session ID: B0DC788E-5C52-4D4C-B248-E7FFDC199281
	at org.openqa.selenium.remote.ErrorHandler.createThrowable(ErrorHandler.java:206)
	at org.openqa.selenium.remote.ErrorHandler.throwIfResponseFailed(ErrorHandler.java:158)
	at org.openqa.selenium.remote.RemoteWebDriver.execute(RemoteWebDriver.java:678)
	at org.openqa.selenium.remote.RemoteWebDriver.executeScript(RemoteWebDriver.java:577)
	at utils.DynamicAppSelection.appSelection(DynamicAppSelection.java:20)
	at appICE_Pages.AppsDashboard.lastSevendays(AppsDashboard.java:103)
... Removed 28 stack frames]]>
    </failure>
  </testcase> <!-- lastSevendays -->
  <testcase name="lastSevendays" time="5.223" classname="appICE_Pages.AppsDashboard">
    <failure type="org.openqa.selenium.StaleElementReferenceException" message="Stale element reference (WARNING: The server did not provide any stacktrace information)
Command duration or timeout: 4 milliseconds
For documentation on this error, please visit: http://seleniumhq.org/exceptions/stale_element_reference.html
Build info: version: &amp;apos;2.53.1&amp;apos;, revision: &amp;apos;a36b8b1cd5757287168e54b817830adce9b0158d&amp;apos;, time: &amp;apos;2016-06-30 19:26:09&amp;apos;
System info: host: &amp;apos;RamaSwamy&amp;apos;, ip: &amp;apos;169.254.239.251&amp;apos;, os.name: &amp;apos;Windows 10&amp;apos;, os.arch: &amp;apos;amd64&amp;apos;, os.version: &amp;apos;10.0&amp;apos;, java.version: &amp;apos;1.8.0_60&amp;apos;
Driver info: org.openqa.selenium.chrome.ChromeDriver
Capabilities [{applicationCacheEnabled=true, acceptSslCerts=true, browserVersion=38.14393.1066.0, platformVersion=10, locationContextEnabled=true, webStorageEnabled=true, browserName=MicrosoftEdge, takesScreenshot=true, pageLoadStrategy=normal, takesElementScreenshot=true, platformName=windows, platform=ANY}]
Session ID: B0DC788E-5C52-4D4C-B248-E7FFDC199281">
      <![CDATA[org.openqa.selenium.StaleElementReferenceException: Stale element reference (WARNING: The server did not provide any stacktrace information)
Command duration or timeout: 4 milliseconds
For documentation on this error, please visit: http://seleniumhq.org/exceptions/stale_element_reference.html
Build info: version: '2.53.1', revision: 'a36b8b1cd5757287168e54b817830adce9b0158d', time: '2016-06-30 19:26:09'
System info: host: 'RamaSwamy', ip: '169.254.239.251', os.name: 'Windows 10', os.arch: 'amd64', os.version: '10.0', java.version: '1.8.0_60'
Driver info: org.openqa.selenium.chrome.ChromeDriver
Capabilities [{applicationCacheEnabled=true, acceptSslCerts=true, browserVersion=38.14393.1066.0, platformVersion=10, locationContextEnabled=true, webStorageEnabled=true, browserName=MicrosoftEdge, takesScreenshot=true, pageLoadStrategy=normal, takesElementScreenshot=true, platformName=windows, platform=ANY}]
Session ID: B0DC788E-5C52-4D4C-B248-E7FFDC199281
	at org.openqa.selenium.remote.ErrorHandler.createThrowable(ErrorHandler.java:206)
	at org.openqa.selenium.remote.ErrorHandler.throwIfResponseFailed(ErrorHandler.java:158)
	at org.openqa.selenium.remote.RemoteWebDriver.execute(RemoteWebDriver.java:678)
	at org.openqa.selenium.remote.RemoteWebDriver.executeScript(RemoteWebDriver.java:577)
	at utils.DynamicAppSelection.appSelection(DynamicAppSelection.java:20)
	at appICE_Pages.AppsDashboard.lastSevendays(AppsDashboard.java:103)
... Removed 28 stack frames]]>
    </failure>
  </testcase> <!-- lastSevendays -->
  <testcase name="lastSevendays" time="5.254" classname="appICE_Pages.AppsDashboard">
    <failure type="org.openqa.selenium.StaleElementReferenceException" message="Stale element reference (WARNING: The server did not provide any stacktrace information)
Command duration or timeout: 12 milliseconds
For documentation on this error, please visit: http://seleniumhq.org/exceptions/stale_element_reference.html
Build info: version: &amp;apos;2.53.1&amp;apos;, revision: &amp;apos;a36b8b1cd5757287168e54b817830adce9b0158d&amp;apos;, time: &amp;apos;2016-06-30 19:26:09&amp;apos;
System info: host: &amp;apos;RamaSwamy&amp;apos;, ip: &amp;apos;169.254.239.251&amp;apos;, os.name: &amp;apos;Windows 10&amp;apos;, os.arch: &amp;apos;amd64&amp;apos;, os.version: &amp;apos;10.0&amp;apos;, java.version: &amp;apos;1.8.0_60&amp;apos;
Driver info: org.openqa.selenium.chrome.ChromeDriver
Capabilities [{applicationCacheEnabled=true, acceptSslCerts=true, browserVersion=38.14393.1066.0, platformVersion=10, locationContextEnabled=true, webStorageEnabled=true, browserName=MicrosoftEdge, takesScreenshot=true, pageLoadStrategy=normal, takesElementScreenshot=true, platformName=windows, platform=ANY}]
Session ID: B0DC788E-5C52-4D4C-B248-E7FFDC199281">
      <![CDATA[org.openqa.selenium.StaleElementReferenceException: Stale element reference (WARNING: The server did not provide any stacktrace information)
Command duration or timeout: 12 milliseconds
For documentation on this error, please visit: http://seleniumhq.org/exceptions/stale_element_reference.html
Build info: version: '2.53.1', revision: 'a36b8b1cd5757287168e54b817830adce9b0158d', time: '2016-06-30 19:26:09'
System info: host: 'RamaSwamy', ip: '169.254.239.251', os.name: 'Windows 10', os.arch: 'amd64', os.version: '10.0', java.version: '1.8.0_60'
Driver info: org.openqa.selenium.chrome.ChromeDriver
Capabilities [{applicationCacheEnabled=true, acceptSslCerts=true, browserVersion=38.14393.1066.0, platformVersion=10, locationContextEnabled=true, webStorageEnabled=true, browserName=MicrosoftEdge, takesScreenshot=true, pageLoadStrategy=normal, takesElementScreenshot=true, platformName=windows, platform=ANY}]
Session ID: B0DC788E-5C52-4D4C-B248-E7FFDC199281
	at org.openqa.selenium.remote.ErrorHandler.createThrowable(ErrorHandler.java:206)
	at org.openqa.selenium.remote.ErrorHandler.throwIfResponseFailed(ErrorHandler.java:158)
	at org.openqa.selenium.remote.RemoteWebDriver.execute(RemoteWebDriver.java:678)
	at org.openqa.selenium.remote.RemoteWebDriver.executeScript(RemoteWebDriver.java:577)
	at utils.DynamicAppSelection.appSelection(DynamicAppSelection.java:20)
	at appICE_Pages.AppsDashboard.lastSevendays(AppsDashboard.java:103)
... Removed 28 stack frames]]>
    </failure>
  </testcase> <!-- lastSevendays -->
  <testcase name="lastSevendays" time="5.402" classname="appICE_Pages.AppsDashboard">
    <failure type="org.openqa.selenium.StaleElementReferenceException" message="Stale element reference (WARNING: The server did not provide any stacktrace information)
Command duration or timeout: 2 milliseconds
For documentation on this error, please visit: http://seleniumhq.org/exceptions/stale_element_reference.html
Build info: version: &amp;apos;2.53.1&amp;apos;, revision: &amp;apos;a36b8b1cd5757287168e54b817830adce9b0158d&amp;apos;, time: &amp;apos;2016-06-30 19:26:09&amp;apos;
System info: host: &amp;apos;RamaSwamy&amp;apos;, ip: &amp;apos;169.254.239.251&amp;apos;, os.name: &amp;apos;Windows 10&amp;apos;, os.arch: &amp;apos;amd64&amp;apos;, os.version: &amp;apos;10.0&amp;apos;, java.version: &amp;apos;1.8.0_60&amp;apos;
Driver info: org.openqa.selenium.chrome.ChromeDriver
Capabilities [{applicationCacheEnabled=true, acceptSslCerts=true, browserVersion=38.14393.1066.0, platformVersion=10, locationContextEnabled=true, webStorageEnabled=true, browserName=MicrosoftEdge, takesScreenshot=true, pageLoadStrategy=normal, takesElementScreenshot=true, platformName=windows, platform=ANY}]
Session ID: B0DC788E-5C52-4D4C-B248-E7FFDC199281">
      <![CDATA[org.openqa.selenium.StaleElementReferenceException: Stale element reference (WARNING: The server did not provide any stacktrace information)
Command duration or timeout: 2 milliseconds
For documentation on this error, please visit: http://seleniumhq.org/exceptions/stale_element_reference.html
Build info: version: '2.53.1', revision: 'a36b8b1cd5757287168e54b817830adce9b0158d', time: '2016-06-30 19:26:09'
System info: host: 'RamaSwamy', ip: '169.254.239.251', os.name: 'Windows 10', os.arch: 'amd64', os.version: '10.0', java.version: '1.8.0_60'
Driver info: org.openqa.selenium.chrome.ChromeDriver
Capabilities [{applicationCacheEnabled=true, acceptSslCerts=true, browserVersion=38.14393.1066.0, platformVersion=10, locationContextEnabled=true, webStorageEnabled=true, browserName=MicrosoftEdge, takesScreenshot=true, pageLoadStrategy=normal, takesElementScreenshot=true, platformName=windows, platform=ANY}]
Session ID: B0DC788E-5C52-4D4C-B248-E7FFDC199281
	at org.openqa.selenium.remote.ErrorHandler.createThrowable(ErrorHandler.java:206)
	at org.openqa.selenium.remote.ErrorHandler.throwIfResponseFailed(ErrorHandler.java:158)
	at org.openqa.selenium.remote.RemoteWebDriver.execute(RemoteWebDriver.java:678)
	at org.openqa.selenium.remote.RemoteWebDriver.executeScript(RemoteWebDriver.java:577)
	at utils.DynamicAppSelection.appSelection(DynamicAppSelection.java:20)
	at appICE_Pages.AppsDashboard.lastSevendays(AppsDashboard.java:103)
... Removed 28 stack frames]]>
    </failure>
  </testcase> <!-- lastSevendays -->
  <testcase name="last30days" time="5.742" classname="appICE_Pages.AppsDashboard">
    <failure type="org.openqa.selenium.StaleElementReferenceException" message="Stale element reference (WARNING: The server did not provide any stacktrace information)
Command duration or timeout: 3 milliseconds
For documentation on this error, please visit: http://seleniumhq.org/exceptions/stale_element_reference.html
Build info: version: &amp;apos;2.53.1&amp;apos;, revision: &amp;apos;a36b8b1cd5757287168e54b817830adce9b0158d&amp;apos;, time: &amp;apos;2016-06-30 19:26:09&amp;apos;
System info: host: &amp;apos;RamaSwamy&amp;apos;, ip: &amp;apos;169.254.239.251&amp;apos;, os.name: &amp;apos;Windows 10&amp;apos;, os.arch: &amp;apos;amd64&amp;apos;, os.version: &amp;apos;10.0&amp;apos;, java.version: &amp;apos;1.8.0_60&amp;apos;
Driver info: org.openqa.selenium.chrome.ChromeDriver
Capabilities [{applicationCacheEnabled=true, acceptSslCerts=true, browserVersion=38.14393.1066.0, platformVersion=10, locationContextEnabled=true, webStorageEnabled=true, browserName=MicrosoftEdge, takesScreenshot=true, pageLoadStrategy=normal, takesElementScreenshot=true, platformName=windows, platform=ANY}]
Session ID: B0DC788E-5C52-4D4C-B248-E7FFDC199281">
      <![CDATA[org.openqa.selenium.StaleElementReferenceException: Stale element reference (WARNING: The server did not provide any stacktrace information)
Command duration or timeout: 3 milliseconds
For documentation on this error, please visit: http://seleniumhq.org/exceptions/stale_element_reference.html
Build info: version: '2.53.1', revision: 'a36b8b1cd5757287168e54b817830adce9b0158d', time: '2016-06-30 19:26:09'
System info: host: 'RamaSwamy', ip: '169.254.239.251', os.name: 'Windows 10', os.arch: 'amd64', os.version: '10.0', java.version: '1.8.0_60'
Driver info: org.openqa.selenium.chrome.ChromeDriver
Capabilities [{applicationCacheEnabled=true, acceptSslCerts=true, browserVersion=38.14393.1066.0, platformVersion=10, locationContextEnabled=true, webStorageEnabled=true, browserName=MicrosoftEdge, takesScreenshot=true, pageLoadStrategy=normal, takesElementScreenshot=true, platformName=windows, platform=ANY}]
Session ID: B0DC788E-5C52-4D4C-B248-E7FFDC199281
	at org.openqa.selenium.remote.ErrorHandler.createThrowable(ErrorHandler.java:206)
	at org.openqa.selenium.remote.ErrorHandler.throwIfResponseFailed(ErrorHandler.java:158)
	at org.openqa.selenium.remote.RemoteWebDriver.execute(RemoteWebDriver.java:678)
	at org.openqa.selenium.remote.RemoteWebDriver.executeScript(RemoteWebDriver.java:577)
	at utils.DynamicAppSelection.appSelection(DynamicAppSelection.java:20)
	at appICE_Pages.AppsDashboard.last30days(AppsDashboard.java:126)
... Removed 28 stack frames]]>
    </failure>
  </testcase> <!-- last30days -->
  <testcase name="last30days" time="4.848" classname="appICE_Pages.AppsDashboard">
    <failure type="org.openqa.selenium.StaleElementReferenceException" message="Stale element reference (WARNING: The server did not provide any stacktrace information)
Command duration or timeout: 3 milliseconds
For documentation on this error, please visit: http://seleniumhq.org/exceptions/stale_element_reference.html
Build info: version: &amp;apos;2.53.1&amp;apos;, revision: &amp;apos;a36b8b1cd5757287168e54b817830adce9b0158d&amp;apos;, time: &amp;apos;2016-06-30 19:26:09&amp;apos;
System info: host: &amp;apos;RamaSwamy&amp;apos;, ip: &amp;apos;169.254.239.251&amp;apos;, os.name: &amp;apos;Windows 10&amp;apos;, os.arch: &amp;apos;amd64&amp;apos;, os.version: &amp;apos;10.0&amp;apos;, java.version: &amp;apos;1.8.0_60&amp;apos;
Driver info: org.openqa.selenium.chrome.ChromeDriver
Capabilities [{applicationCacheEnabled=true, acceptSslCerts=true, browserVersion=38.14393.1066.0, platformVersion=10, locationContextEnabled=true, webStorageEnabled=true, browserName=MicrosoftEdge, takesScreenshot=true, pageLoadStrategy=normal, takesElementScreenshot=true, platformName=windows, platform=ANY}]
Session ID: B0DC788E-5C52-4D4C-B248-E7FFDC199281">
      <![CDATA[org.openqa.selenium.StaleElementReferenceException: Stale element reference (WARNING: The server did not provide any stacktrace information)
Command duration or timeout: 3 milliseconds
For documentation on this error, please visit: http://seleniumhq.org/exceptions/stale_element_reference.html
Build info: version: '2.53.1', revision: 'a36b8b1cd5757287168e54b817830adce9b0158d', time: '2016-06-30 19:26:09'
System info: host: 'RamaSwamy', ip: '169.254.239.251', os.name: 'Windows 10', os.arch: 'amd64', os.version: '10.0', java.version: '1.8.0_60'
Driver info: org.openqa.selenium.chrome.ChromeDriver
Capabilities [{applicationCacheEnabled=true, acceptSslCerts=true, browserVersion=38.14393.1066.0, platformVersion=10, locationContextEnabled=true, webStorageEnabled=true, browserName=MicrosoftEdge, takesScreenshot=true, pageLoadStrategy=normal, takesElementScreenshot=true, platformName=windows, platform=ANY}]
Session ID: B0DC788E-5C52-4D4C-B248-E7FFDC199281
	at org.openqa.selenium.remote.ErrorHandler.createThrowable(ErrorHandler.java:206)
	at org.openqa.selenium.remote.ErrorHandler.throwIfResponseFailed(ErrorHandler.java:158)
	at org.openqa.selenium.remote.RemoteWebDriver.execute(RemoteWebDriver.java:678)
	at org.openqa.selenium.remote.RemoteWebDriver.executeScript(RemoteWebDriver.java:577)
	at utils.DynamicAppSelection.appSelection(DynamicAppSelection.java:20)
	at appICE_Pages.AppsDashboard.last30days(AppsDashboard.java:126)
... Removed 28 stack frames]]>
    </failure>
  </testcase> <!-- last30days -->
  <testcase name="last30days" time="5.302" classname="appICE_Pages.AppsDashboard">
    <failure type="org.openqa.selenium.StaleElementReferenceException" message="Stale element reference (WARNING: The server did not provide any stacktrace information)
Command duration or timeout: 3 milliseconds
For documentation on this error, please visit: http://seleniumhq.org/exceptions/stale_element_reference.html
Build info: version: &amp;apos;2.53.1&amp;apos;, revision: &amp;apos;a36b8b1cd5757287168e54b817830adce9b0158d&amp;apos;, time: &amp;apos;2016-06-30 19:26:09&amp;apos;
System info: host: &amp;apos;RamaSwamy&amp;apos;, ip: &amp;apos;169.254.239.251&amp;apos;, os.name: &amp;apos;Windows 10&amp;apos;, os.arch: &amp;apos;amd64&amp;apos;, os.version: &amp;apos;10.0&amp;apos;, java.version: &amp;apos;1.8.0_60&amp;apos;
Driver info: org.openqa.selenium.chrome.ChromeDriver
Capabilities [{applicationCacheEnabled=true, acceptSslCerts=true, browserVersion=38.14393.1066.0, platformVersion=10, locationContextEnabled=true, webStorageEnabled=true, browserName=MicrosoftEdge, takesScreenshot=true, pageLoadStrategy=normal, takesElementScreenshot=true, platformName=windows, platform=ANY}]
Session ID: B0DC788E-5C52-4D4C-B248-E7FFDC199281">
      <![CDATA[org.openqa.selenium.StaleElementReferenceException: Stale element reference (WARNING: The server did not provide any stacktrace information)
Command duration or timeout: 3 milliseconds
For documentation on this error, please visit: http://seleniumhq.org/exceptions/stale_element_reference.html
Build info: version: '2.53.1', revision: 'a36b8b1cd5757287168e54b817830adce9b0158d', time: '2016-06-30 19:26:09'
System info: host: 'RamaSwamy', ip: '169.254.239.251', os.name: 'Windows 10', os.arch: 'amd64', os.version: '10.0', java.version: '1.8.0_60'
Driver info: org.openqa.selenium.chrome.ChromeDriver
Capabilities [{applicationCacheEnabled=true, acceptSslCerts=true, browserVersion=38.14393.1066.0, platformVersion=10, locationContextEnabled=true, webStorageEnabled=true, browserName=MicrosoftEdge, takesScreenshot=true, pageLoadStrategy=normal, takesElementScreenshot=true, platformName=windows, platform=ANY}]
Session ID: B0DC788E-5C52-4D4C-B248-E7FFDC199281
	at org.openqa.selenium.remote.ErrorHandler.createThrowable(ErrorHandler.java:206)
	at org.openqa.selenium.remote.ErrorHandler.throwIfResponseFailed(ErrorHandler.java:158)
	at org.openqa.selenium.remote.RemoteWebDriver.execute(RemoteWebDriver.java:678)
	at org.openqa.selenium.remote.RemoteWebDriver.executeScript(RemoteWebDriver.java:577)
	at utils.DynamicAppSelection.appSelection(DynamicAppSelection.java:20)
	at appICE_Pages.AppsDashboard.last30days(AppsDashboard.java:126)
... Removed 28 stack frames]]>
    </failure>
  </testcase> <!-- last30days -->
  <testcase name="last30days" time="4.94" classname="appICE_Pages.AppsDashboard">
    <failure type="org.openqa.selenium.StaleElementReferenceException" message="Stale element reference (WARNING: The server did not provide any stacktrace information)
Command duration or timeout: 10 milliseconds
For documentation on this error, please visit: http://seleniumhq.org/exceptions/stale_element_reference.html
Build info: version: &amp;apos;2.53.1&amp;apos;, revision: &amp;apos;a36b8b1cd5757287168e54b817830adce9b0158d&amp;apos;, time: &amp;apos;2016-06-30 19:26:09&amp;apos;
System info: host: &amp;apos;RamaSwamy&amp;apos;, ip: &amp;apos;169.254.239.251&amp;apos;, os.name: &amp;apos;Windows 10&amp;apos;, os.arch: &amp;apos;amd64&amp;apos;, os.version: &amp;apos;10.0&amp;apos;, java.version: &amp;apos;1.8.0_60&amp;apos;
Driver info: org.openqa.selenium.chrome.ChromeDriver
Capabilities [{applicationCacheEnabled=true, acceptSslCerts=true, browserVersion=38.14393.1066.0, platformVersion=10, locationContextEnabled=true, webStorageEnabled=true, browserName=MicrosoftEdge, takesScreenshot=true, pageLoadStrategy=normal, takesElementScreenshot=true, platformName=windows, platform=ANY}]
Session ID: B0DC788E-5C52-4D4C-B248-E7FFDC199281">
      <![CDATA[org.openqa.selenium.StaleElementReferenceException: Stale element reference (WARNING: The server did not provide any stacktrace information)
Command duration or timeout: 10 milliseconds
For documentation on this error, please visit: http://seleniumhq.org/exceptions/stale_element_reference.html
Build info: version: '2.53.1', revision: 'a36b8b1cd5757287168e54b817830adce9b0158d', time: '2016-06-30 19:26:09'
System info: host: 'RamaSwamy', ip: '169.254.239.251', os.name: 'Windows 10', os.arch: 'amd64', os.version: '10.0', java.version: '1.8.0_60'
Driver info: org.openqa.selenium.chrome.ChromeDriver
Capabilities [{applicationCacheEnabled=true, acceptSslCerts=true, browserVersion=38.14393.1066.0, platformVersion=10, locationContextEnabled=true, webStorageEnabled=true, browserName=MicrosoftEdge, takesScreenshot=true, pageLoadStrategy=normal, takesElementScreenshot=true, platformName=windows, platform=ANY}]
Session ID: B0DC788E-5C52-4D4C-B248-E7FFDC199281
	at org.openqa.selenium.remote.ErrorHandler.createThrowable(ErrorHandler.java:206)
	at org.openqa.selenium.remote.ErrorHandler.throwIfResponseFailed(ErrorHandler.java:158)
	at org.openqa.selenium.remote.RemoteWebDriver.execute(RemoteWebDriver.java:678)
	at org.openqa.selenium.remote.RemoteWebDriver.executeScript(RemoteWebDriver.java:577)
	at utils.DynamicAppSelection.appSelection(DynamicAppSelection.java:20)
	at appICE_Pages.AppsDashboard.last30days(AppsDashboard.java:126)
... Removed 28 stack frames]]>
    </failure>
  </testcase> <!-- last30days -->
  <testcase name="thisMonth" time="5.044" classname="appICE_Pages.AppsDashboard">
    <failure type="org.openqa.selenium.StaleElementReferenceException" message="Stale element reference (WARNING: The server did not provide any stacktrace information)
Command duration or timeout: 10 milliseconds
For documentation on this error, please visit: http://seleniumhq.org/exceptions/stale_element_reference.html
Build info: version: &amp;apos;2.53.1&amp;apos;, revision: &amp;apos;a36b8b1cd5757287168e54b817830adce9b0158d&amp;apos;, time: &amp;apos;2016-06-30 19:26:09&amp;apos;
System info: host: &amp;apos;RamaSwamy&amp;apos;, ip: &amp;apos;169.254.239.251&amp;apos;, os.name: &amp;apos;Windows 10&amp;apos;, os.arch: &amp;apos;amd64&amp;apos;, os.version: &amp;apos;10.0&amp;apos;, java.version: &amp;apos;1.8.0_60&amp;apos;
Driver info: org.openqa.selenium.chrome.ChromeDriver
Capabilities [{applicationCacheEnabled=true, acceptSslCerts=true, browserVersion=38.14393.1066.0, platformVersion=10, locationContextEnabled=true, webStorageEnabled=true, browserName=MicrosoftEdge, takesScreenshot=true, pageLoadStrategy=normal, takesElementScreenshot=true, platformName=windows, platform=ANY}]
Session ID: B0DC788E-5C52-4D4C-B248-E7FFDC199281">
      <![CDATA[org.openqa.selenium.StaleElementReferenceException: Stale element reference (WARNING: The server did not provide any stacktrace information)
Command duration or timeout: 10 milliseconds
For documentation on this error, please visit: http://seleniumhq.org/exceptions/stale_element_reference.html
Build info: version: '2.53.1', revision: 'a36b8b1cd5757287168e54b817830adce9b0158d', time: '2016-06-30 19:26:09'
System info: host: 'RamaSwamy', ip: '169.254.239.251', os.name: 'Windows 10', os.arch: 'amd64', os.version: '10.0', java.version: '1.8.0_60'
Driver info: org.openqa.selenium.chrome.ChromeDriver
Capabilities [{applicationCacheEnabled=true, acceptSslCerts=true, browserVersion=38.14393.1066.0, platformVersion=10, locationContextEnabled=true, webStorageEnabled=true, browserName=MicrosoftEdge, takesScreenshot=true, pageLoadStrategy=normal, takesElementScreenshot=true, platformName=windows, platform=ANY}]
Session ID: B0DC788E-5C52-4D4C-B248-E7FFDC199281
	at org.openqa.selenium.remote.ErrorHandler.createThrowable(ErrorHandler.java:206)
	at org.openqa.selenium.remote.ErrorHandler.throwIfResponseFailed(ErrorHandler.java:158)
	at org.openqa.selenium.remote.RemoteWebDriver.execute(RemoteWebDriver.java:678)
	at org.openqa.selenium.remote.RemoteWebDriver.executeScript(RemoteWebDriver.java:577)
	at utils.DynamicAppSelection.appSelection(DynamicAppSelection.java:20)
	at appICE_Pages.AppsDashboard.thisMonth(AppsDashboard.java:148)
... Removed 27 stack frames]]>
    </failure>
  </testcase> <!-- thisMonth -->
  <testcase name="thisMonth" time="4.933" classname="appICE_Pages.AppsDashboard">
    <failure type="org.openqa.selenium.StaleElementReferenceException" message="Stale element reference (WARNING: The server did not provide any stacktrace information)
Command duration or timeout: 14 milliseconds
For documentation on this error, please visit: http://seleniumhq.org/exceptions/stale_element_reference.html
Build info: version: &amp;apos;2.53.1&amp;apos;, revision: &amp;apos;a36b8b1cd5757287168e54b817830adce9b0158d&amp;apos;, time: &amp;apos;2016-06-30 19:26:09&amp;apos;
System info: host: &amp;apos;RamaSwamy&amp;apos;, ip: &amp;apos;169.254.239.251&amp;apos;, os.name: &amp;apos;Windows 10&amp;apos;, os.arch: &amp;apos;amd64&amp;apos;, os.version: &amp;apos;10.0&amp;apos;, java.version: &amp;apos;1.8.0_60&amp;apos;
Driver info: org.openqa.selenium.chrome.ChromeDriver
Capabilities [{applicationCacheEnabled=true, acceptSslCerts=true, browserVersion=38.14393.1066.0, platformVersion=10, locationContextEnabled=true, webStorageEnabled=true, browserName=MicrosoftEdge, takesScreenshot=true, pageLoadStrategy=normal, takesElementScreenshot=true, platformName=windows, platform=ANY}]
Session ID: B0DC788E-5C52-4D4C-B248-E7FFDC199281">
      <![CDATA[org.openqa.selenium.StaleElementReferenceException: Stale element reference (WARNING: The server did not provide any stacktrace information)
Command duration or timeout: 14 milliseconds
For documentation on this error, please visit: http://seleniumhq.org/exceptions/stale_element_reference.html
Build info: version: '2.53.1', revision: 'a36b8b1cd5757287168e54b817830adce9b0158d', time: '2016-06-30 19:26:09'
System info: host: 'RamaSwamy', ip: '169.254.239.251', os.name: 'Windows 10', os.arch: 'amd64', os.version: '10.0', java.version: '1.8.0_60'
Driver info: org.openqa.selenium.chrome.ChromeDriver
Capabilities [{applicationCacheEnabled=true, acceptSslCerts=true, browserVersion=38.14393.1066.0, platformVersion=10, locationContextEnabled=true, webStorageEnabled=true, browserName=MicrosoftEdge, takesScreenshot=true, pageLoadStrategy=normal, takesElementScreenshot=true, platformName=windows, platform=ANY}]
Session ID: B0DC788E-5C52-4D4C-B248-E7FFDC199281
	at org.openqa.selenium.remote.ErrorHandler.createThrowable(ErrorHandler.java:206)
	at org.openqa.selenium.remote.ErrorHandler.throwIfResponseFailed(ErrorHandler.java:158)
	at org.openqa.selenium.remote.RemoteWebDriver.execute(RemoteWebDriver.java:678)
	at org.openqa.selenium.remote.RemoteWebDriver.executeScript(RemoteWebDriver.java:577)
	at utils.DynamicAppSelection.appSelection(DynamicAppSelection.java:20)
	at appICE_Pages.AppsDashboard.thisMonth(AppsDashboard.java:148)
... Removed 27 stack frames]]>
    </failure>
  </testcase> <!-- thisMonth -->
  <testcase name="thisMonth" time="5.414" classname="appICE_Pages.AppsDashboard">
    <failure type="org.openqa.selenium.StaleElementReferenceException" message="Stale element reference (WARNING: The server did not provide any stacktrace information)
Command duration or timeout: 4 milliseconds
For documentation on this error, please visit: http://seleniumhq.org/exceptions/stale_element_reference.html
Build info: version: &amp;apos;2.53.1&amp;apos;, revision: &amp;apos;a36b8b1cd5757287168e54b817830adce9b0158d&amp;apos;, time: &amp;apos;2016-06-30 19:26:09&amp;apos;
System info: host: &amp;apos;RamaSwamy&amp;apos;, ip: &amp;apos;169.254.239.251&amp;apos;, os.name: &amp;apos;Windows 10&amp;apos;, os.arch: &amp;apos;amd64&amp;apos;, os.version: &amp;apos;10.0&amp;apos;, java.version: &amp;apos;1.8.0_60&amp;apos;
Driver info: org.openqa.selenium.chrome.ChromeDriver
Capabilities [{applicationCacheEnabled=true, acceptSslCerts=true, browserVersion=38.14393.1066.0, platformVersion=10, locationContextEnabled=true, webStorageEnabled=true, browserName=MicrosoftEdge, takesScreenshot=true, pageLoadStrategy=normal, takesElementScreenshot=true, platformName=windows, platform=ANY}]
Session ID: B0DC788E-5C52-4D4C-B248-E7FFDC199281">
      <![CDATA[org.openqa.selenium.StaleElementReferenceException: Stale element reference (WARNING: The server did not provide any stacktrace information)
Command duration or timeout: 4 milliseconds
For documentation on this error, please visit: http://seleniumhq.org/exceptions/stale_element_reference.html
Build info: version: '2.53.1', revision: 'a36b8b1cd5757287168e54b817830adce9b0158d', time: '2016-06-30 19:26:09'
System info: host: 'RamaSwamy', ip: '169.254.239.251', os.name: 'Windows 10', os.arch: 'amd64', os.version: '10.0', java.version: '1.8.0_60'
Driver info: org.openqa.selenium.chrome.ChromeDriver
Capabilities [{applicationCacheEnabled=true, acceptSslCerts=true, browserVersion=38.14393.1066.0, platformVersion=10, locationContextEnabled=true, webStorageEnabled=true, browserName=MicrosoftEdge, takesScreenshot=true, pageLoadStrategy=normal, takesElementScreenshot=true, platformName=windows, platform=ANY}]
Session ID: B0DC788E-5C52-4D4C-B248-E7FFDC199281
	at org.openqa.selenium.remote.ErrorHandler.createThrowable(ErrorHandler.java:206)
	at org.openqa.selenium.remote.ErrorHandler.throwIfResponseFailed(ErrorHandler.java:158)
	at org.openqa.selenium.remote.RemoteWebDriver.execute(RemoteWebDriver.java:678)
	at org.openqa.selenium.remote.RemoteWebDriver.executeScript(RemoteWebDriver.java:577)
	at utils.DynamicAppSelection.appSelection(DynamicAppSelection.java:20)
	at appICE_Pages.AppsDashboard.thisMonth(AppsDashboard.java:148)
... Removed 27 stack frames]]>
    </failure>
  </testcase> <!-- thisMonth -->
  <testcase name="thisMonth" time="5.487" classname="appICE_Pages.AppsDashboard">
    <failure type="org.openqa.selenium.StaleElementReferenceException" message="Stale element reference (WARNING: The server did not provide any stacktrace information)
Command duration or timeout: 9 milliseconds
For documentation on this error, please visit: http://seleniumhq.org/exceptions/stale_element_reference.html
Build info: version: &amp;apos;2.53.1&amp;apos;, revision: &amp;apos;a36b8b1cd5757287168e54b817830adce9b0158d&amp;apos;, time: &amp;apos;2016-06-30 19:26:09&amp;apos;
System info: host: &amp;apos;RamaSwamy&amp;apos;, ip: &amp;apos;169.254.239.251&amp;apos;, os.name: &amp;apos;Windows 10&amp;apos;, os.arch: &amp;apos;amd64&amp;apos;, os.version: &amp;apos;10.0&amp;apos;, java.version: &amp;apos;1.8.0_60&amp;apos;
Driver info: org.openqa.selenium.chrome.ChromeDriver
Capabilities [{applicationCacheEnabled=true, acceptSslCerts=true, browserVersion=38.14393.1066.0, platformVersion=10, locationContextEnabled=true, webStorageEnabled=true, browserName=MicrosoftEdge, takesScreenshot=true, pageLoadStrategy=normal, takesElementScreenshot=true, platformName=windows, platform=ANY}]
Session ID: B0DC788E-5C52-4D4C-B248-E7FFDC199281">
      <![CDATA[org.openqa.selenium.StaleElementReferenceException: Stale element reference (WARNING: The server did not provide any stacktrace information)
Command duration or timeout: 9 milliseconds
For documentation on this error, please visit: http://seleniumhq.org/exceptions/stale_element_reference.html
Build info: version: '2.53.1', revision: 'a36b8b1cd5757287168e54b817830adce9b0158d', time: '2016-06-30 19:26:09'
System info: host: 'RamaSwamy', ip: '169.254.239.251', os.name: 'Windows 10', os.arch: 'amd64', os.version: '10.0', java.version: '1.8.0_60'
Driver info: org.openqa.selenium.chrome.ChromeDriver
Capabilities [{applicationCacheEnabled=true, acceptSslCerts=true, browserVersion=38.14393.1066.0, platformVersion=10, locationContextEnabled=true, webStorageEnabled=true, browserName=MicrosoftEdge, takesScreenshot=true, pageLoadStrategy=normal, takesElementScreenshot=true, platformName=windows, platform=ANY}]
Session ID: B0DC788E-5C52-4D4C-B248-E7FFDC199281
	at org.openqa.selenium.remote.ErrorHandler.createThrowable(ErrorHandler.java:206)
	at org.openqa.selenium.remote.ErrorHandler.throwIfResponseFailed(ErrorHandler.java:158)
	at org.openqa.selenium.remote.RemoteWebDriver.execute(RemoteWebDriver.java:678)
	at org.openqa.selenium.remote.RemoteWebDriver.executeScript(RemoteWebDriver.java:577)
	at utils.DynamicAppSelection.appSelection(DynamicAppSelection.java:20)
	at appICE_Pages.AppsDashboard.thisMonth(AppsDashboard.java:148)
... Removed 27 stack frames]]>
    </failure>
  </testcase> <!-- thisMonth -->
  <testcase name="lastMonth" time="5.541" classname="appICE_Pages.AppsDashboard">
    <failure type="org.openqa.selenium.StaleElementReferenceException" message="Stale element reference (WARNING: The server did not provide any stacktrace information)
Command duration or timeout: 2 milliseconds
For documentation on this error, please visit: http://seleniumhq.org/exceptions/stale_element_reference.html
Build info: version: &amp;apos;2.53.1&amp;apos;, revision: &amp;apos;a36b8b1cd5757287168e54b817830adce9b0158d&amp;apos;, time: &amp;apos;2016-06-30 19:26:09&amp;apos;
System info: host: &amp;apos;RamaSwamy&amp;apos;, ip: &amp;apos;169.254.239.251&amp;apos;, os.name: &amp;apos;Windows 10&amp;apos;, os.arch: &amp;apos;amd64&amp;apos;, os.version: &amp;apos;10.0&amp;apos;, java.version: &amp;apos;1.8.0_60&amp;apos;
Driver info: org.openqa.selenium.chrome.ChromeDriver
Capabilities [{applicationCacheEnabled=true, acceptSslCerts=true, browserVersion=38.14393.1066.0, platformVersion=10, locationContextEnabled=true, webStorageEnabled=true, browserName=MicrosoftEdge, takesScreenshot=true, pageLoadStrategy=normal, takesElementScreenshot=true, platformName=windows, platform=ANY}]
Session ID: B0DC788E-5C52-4D4C-B248-E7FFDC199281">
      <![CDATA[org.openqa.selenium.StaleElementReferenceException: Stale element reference (WARNING: The server did not provide any stacktrace information)
Command duration or timeout: 2 milliseconds
For documentation on this error, please visit: http://seleniumhq.org/exceptions/stale_element_reference.html
Build info: version: '2.53.1', revision: 'a36b8b1cd5757287168e54b817830adce9b0158d', time: '2016-06-30 19:26:09'
System info: host: 'RamaSwamy', ip: '169.254.239.251', os.name: 'Windows 10', os.arch: 'amd64', os.version: '10.0', java.version: '1.8.0_60'
Driver info: org.openqa.selenium.chrome.ChromeDriver
Capabilities [{applicationCacheEnabled=true, acceptSslCerts=true, browserVersion=38.14393.1066.0, platformVersion=10, locationContextEnabled=true, webStorageEnabled=true, browserName=MicrosoftEdge, takesScreenshot=true, pageLoadStrategy=normal, takesElementScreenshot=true, platformName=windows, platform=ANY}]
Session ID: B0DC788E-5C52-4D4C-B248-E7FFDC199281
	at org.openqa.selenium.remote.ErrorHandler.createThrowable(ErrorHandler.java:206)
	at org.openqa.selenium.remote.ErrorHandler.throwIfResponseFailed(ErrorHandler.java:158)
	at org.openqa.selenium.remote.RemoteWebDriver.execute(RemoteWebDriver.java:678)
	at org.openqa.selenium.remote.RemoteWebDriver.executeScript(RemoteWebDriver.java:577)
	at utils.DynamicAppSelection.appSelection(DynamicAppSelection.java:20)
	at appICE_Pages.AppsDashboard.lastMonth(AppsDashboard.java:170)
... Removed 27 stack frames]]>
    </failure>
  </testcase> <!-- lastMonth -->
  <testcase name="lastMonth" time="5.455" classname="appICE_Pages.AppsDashboard">
    <failure type="org.openqa.selenium.StaleElementReferenceException" message="Stale element reference (WARNING: The server did not provide any stacktrace information)
Command duration or timeout: 2 milliseconds
For documentation on this error, please visit: http://seleniumhq.org/exceptions/stale_element_reference.html
Build info: version: &amp;apos;2.53.1&amp;apos;, revision: &amp;apos;a36b8b1cd5757287168e54b817830adce9b0158d&amp;apos;, time: &amp;apos;2016-06-30 19:26:09&amp;apos;
System info: host: &amp;apos;RamaSwamy&amp;apos;, ip: &amp;apos;169.254.239.251&amp;apos;, os.name: &amp;apos;Windows 10&amp;apos;, os.arch: &amp;apos;amd64&amp;apos;, os.version: &amp;apos;10.0&amp;apos;, java.version: &amp;apos;1.8.0_60&amp;apos;
Driver info: org.openqa.selenium.chrome.ChromeDriver
Capabilities [{applicationCacheEnabled=true, acceptSslCerts=true, browserVersion=38.14393.1066.0, platformVersion=10, locationContextEnabled=true, webStorageEnabled=true, browserName=MicrosoftEdge, takesScreenshot=true, pageLoadStrategy=normal, takesElementScreenshot=true, platformName=windows, platform=ANY}]
Session ID: B0DC788E-5C52-4D4C-B248-E7FFDC199281">
      <![CDATA[org.openqa.selenium.StaleElementReferenceException: Stale element reference (WARNING: The server did not provide any stacktrace information)
Command duration or timeout: 2 milliseconds
For documentation on this error, please visit: http://seleniumhq.org/exceptions/stale_element_reference.html
Build info: version: '2.53.1', revision: 'a36b8b1cd5757287168e54b817830adce9b0158d', time: '2016-06-30 19:26:09'
System info: host: 'RamaSwamy', ip: '169.254.239.251', os.name: 'Windows 10', os.arch: 'amd64', os.version: '10.0', java.version: '1.8.0_60'
Driver info: org.openqa.selenium.chrome.ChromeDriver
Capabilities [{applicationCacheEnabled=true, acceptSslCerts=true, browserVersion=38.14393.1066.0, platformVersion=10, locationContextEnabled=true, webStorageEnabled=true, browserName=MicrosoftEdge, takesScreenshot=true, pageLoadStrategy=normal, takesElementScreenshot=true, platformName=windows, platform=ANY}]
Session ID: B0DC788E-5C52-4D4C-B248-E7FFDC199281
	at org.openqa.selenium.remote.ErrorHandler.createThrowable(ErrorHandler.java:206)
	at org.openqa.selenium.remote.ErrorHandler.throwIfResponseFailed(ErrorHandler.java:158)
	at org.openqa.selenium.remote.RemoteWebDriver.execute(RemoteWebDriver.java:678)
	at org.openqa.selenium.remote.RemoteWebDriver.executeScript(RemoteWebDriver.java:577)
	at utils.DynamicAppSelection.appSelection(DynamicAppSelection.java:20)
	at appICE_Pages.AppsDashboard.lastMonth(AppsDashboard.java:170)
... Removed 27 stack frames]]>
    </failure>
  </testcase> <!-- lastMonth -->
  <testcase name="lastMonth" time="5.052" classname="appICE_Pages.AppsDashboard">
    <failure type="org.openqa.selenium.StaleElementReferenceException" message="Stale element reference (WARNING: The server did not provide any stacktrace information)
Command duration or timeout: 5 milliseconds
For documentation on this error, please visit: http://seleniumhq.org/exceptions/stale_element_reference.html
Build info: version: &amp;apos;2.53.1&amp;apos;, revision: &amp;apos;a36b8b1cd5757287168e54b817830adce9b0158d&amp;apos;, time: &amp;apos;2016-06-30 19:26:09&amp;apos;
System info: host: &amp;apos;RamaSwamy&amp;apos;, ip: &amp;apos;169.254.239.251&amp;apos;, os.name: &amp;apos;Windows 10&amp;apos;, os.arch: &amp;apos;amd64&amp;apos;, os.version: &amp;apos;10.0&amp;apos;, java.version: &amp;apos;1.8.0_60&amp;apos;
Driver info: org.openqa.selenium.chrome.ChromeDriver
Capabilities [{applicationCacheEnabled=true, acceptSslCerts=true, browserVersion=38.14393.1066.0, platformVersion=10, locationContextEnabled=true, webStorageEnabled=true, browserName=MicrosoftEdge, takesScreenshot=true, pageLoadStrategy=normal, takesElementScreenshot=true, platformName=windows, platform=ANY}]
Session ID: B0DC788E-5C52-4D4C-B248-E7FFDC199281">
      <![CDATA[org.openqa.selenium.StaleElementReferenceException: Stale element reference (WARNING: The server did not provide any stacktrace information)
Command duration or timeout: 5 milliseconds
For documentation on this error, please visit: http://seleniumhq.org/exceptions/stale_element_reference.html
Build info: version: '2.53.1', revision: 'a36b8b1cd5757287168e54b817830adce9b0158d', time: '2016-06-30 19:26:09'
System info: host: 'RamaSwamy', ip: '169.254.239.251', os.name: 'Windows 10', os.arch: 'amd64', os.version: '10.0', java.version: '1.8.0_60'
Driver info: org.openqa.selenium.chrome.ChromeDriver
Capabilities [{applicationCacheEnabled=true, acceptSslCerts=true, browserVersion=38.14393.1066.0, platformVersion=10, locationContextEnabled=true, webStorageEnabled=true, browserName=MicrosoftEdge, takesScreenshot=true, pageLoadStrategy=normal, takesElementScreenshot=true, platformName=windows, platform=ANY}]
Session ID: B0DC788E-5C52-4D4C-B248-E7FFDC199281
	at org.openqa.selenium.remote.ErrorHandler.createThrowable(ErrorHandler.java:206)
	at org.openqa.selenium.remote.ErrorHandler.throwIfResponseFailed(ErrorHandler.java:158)
	at org.openqa.selenium.remote.RemoteWebDriver.execute(RemoteWebDriver.java:678)
	at org.openqa.selenium.remote.RemoteWebDriver.executeScript(RemoteWebDriver.java:577)
	at utils.DynamicAppSelection.appSelection(DynamicAppSelection.java:20)
	at appICE_Pages.AppsDashboard.lastMonth(AppsDashboard.java:170)
... Removed 27 stack frames]]>
    </failure>
  </testcase> <!-- lastMonth -->
  <testcase name="lastMonth" time="5.31" classname="appICE_Pages.AppsDashboard">
    <failure type="org.openqa.selenium.StaleElementReferenceException" message="Stale element reference (WARNING: The server did not provide any stacktrace information)
Command duration or timeout: 7 milliseconds
For documentation on this error, please visit: http://seleniumhq.org/exceptions/stale_element_reference.html
Build info: version: &amp;apos;2.53.1&amp;apos;, revision: &amp;apos;a36b8b1cd5757287168e54b817830adce9b0158d&amp;apos;, time: &amp;apos;2016-06-30 19:26:09&amp;apos;
System info: host: &amp;apos;RamaSwamy&amp;apos;, ip: &amp;apos;169.254.239.251&amp;apos;, os.name: &amp;apos;Windows 10&amp;apos;, os.arch: &amp;apos;amd64&amp;apos;, os.version: &amp;apos;10.0&amp;apos;, java.version: &amp;apos;1.8.0_60&amp;apos;
Driver info: org.openqa.selenium.chrome.ChromeDriver
Capabilities [{applicationCacheEnabled=true, acceptSslCerts=true, browserVersion=38.14393.1066.0, platformVersion=10, locationContextEnabled=true, webStorageEnabled=true, browserName=MicrosoftEdge, takesScreenshot=true, pageLoadStrategy=normal, takesElementScreenshot=true, platformName=windows, platform=ANY}]
Session ID: B0DC788E-5C52-4D4C-B248-E7FFDC199281">
      <![CDATA[org.openqa.selenium.StaleElementReferenceException: Stale element reference (WARNING: The server did not provide any stacktrace information)
Command duration or timeout: 7 milliseconds
For documentation on this error, please visit: http://seleniumhq.org/exceptions/stale_element_reference.html
Build info: version: '2.53.1', revision: 'a36b8b1cd5757287168e54b817830adce9b0158d', time: '2016-06-30 19:26:09'
System info: host: 'RamaSwamy', ip: '169.254.239.251', os.name: 'Windows 10', os.arch: 'amd64', os.version: '10.0', java.version: '1.8.0_60'
Driver info: org.openqa.selenium.chrome.ChromeDriver
Capabilities [{applicationCacheEnabled=true, acceptSslCerts=true, browserVersion=38.14393.1066.0, platformVersion=10, locationContextEnabled=true, webStorageEnabled=true, browserName=MicrosoftEdge, takesScreenshot=true, pageLoadStrategy=normal, takesElementScreenshot=true, platformName=windows, platform=ANY}]
Session ID: B0DC788E-5C52-4D4C-B248-E7FFDC199281
	at org.openqa.selenium.remote.ErrorHandler.createThrowable(ErrorHandler.java:206)
	at org.openqa.selenium.remote.ErrorHandler.throwIfResponseFailed(ErrorHandler.java:158)
	at org.openqa.selenium.remote.RemoteWebDriver.execute(RemoteWebDriver.java:678)
	at org.openqa.selenium.remote.RemoteWebDriver.executeScript(RemoteWebDriver.java:577)
	at utils.DynamicAppSelection.appSelection(DynamicAppSelection.java:20)
	at appICE_Pages.AppsDashboard.lastMonth(AppsDashboard.java:170)
... Removed 27 stack frames]]>
    </failure>
  </testcase> <!-- lastMonth -->
  <testcase name="monthlyCohort" time="5.366" classname="appICE_Pages.AppsDashboard">
    <failure type="org.openqa.selenium.StaleElementReferenceException" message="Stale element reference (WARNING: The server did not provide any stacktrace information)
Command duration or timeout: 8 milliseconds
For documentation on this error, please visit: http://seleniumhq.org/exceptions/stale_element_reference.html
Build info: version: &amp;apos;2.53.1&amp;apos;, revision: &amp;apos;a36b8b1cd5757287168e54b817830adce9b0158d&amp;apos;, time: &amp;apos;2016-06-30 19:26:09&amp;apos;
System info: host: &amp;apos;RamaSwamy&amp;apos;, ip: &amp;apos;169.254.239.251&amp;apos;, os.name: &amp;apos;Windows 10&amp;apos;, os.arch: &amp;apos;amd64&amp;apos;, os.version: &amp;apos;10.0&amp;apos;, java.version: &amp;apos;1.8.0_60&amp;apos;
Driver info: org.openqa.selenium.chrome.ChromeDriver
Capabilities [{applicationCacheEnabled=true, acceptSslCerts=true, browserVersion=38.14393.1066.0, platformVersion=10, locationContextEnabled=true, webStorageEnabled=true, browserName=MicrosoftEdge, takesScreenshot=true, pageLoadStrategy=normal, takesElementScreenshot=true, platformName=windows, platform=ANY}]
Session ID: B0DC788E-5C52-4D4C-B248-E7FFDC199281">
      <![CDATA[org.openqa.selenium.StaleElementReferenceException: Stale element reference (WARNING: The server did not provide any stacktrace information)
Command duration or timeout: 8 milliseconds
For documentation on this error, please visit: http://seleniumhq.org/exceptions/stale_element_reference.html
Build info: version: '2.53.1', revision: 'a36b8b1cd5757287168e54b817830adce9b0158d', time: '2016-06-30 19:26:09'
System info: host: 'RamaSwamy', ip: '169.254.239.251', os.name: 'Windows 10', os.arch: 'amd64', os.version: '10.0', java.version: '1.8.0_60'
Driver info: org.openqa.selenium.chrome.ChromeDriver
Capabilities [{applicationCacheEnabled=true, acceptSslCerts=true, browserVersion=38.14393.1066.0, platformVersion=10, locationContextEnabled=true, webStorageEnabled=true, browserName=MicrosoftEdge, takesScreenshot=true, pageLoadStrategy=normal, takesElementScreenshot=true, platformName=windows, platform=ANY}]
Session ID: B0DC788E-5C52-4D4C-B248-E7FFDC199281
	at org.openqa.selenium.remote.ErrorHandler.createThrowable(ErrorHandler.java:206)
	at org.openqa.selenium.remote.ErrorHandler.throwIfResponseFailed(ErrorHandler.java:158)
	at org.openqa.selenium.remote.RemoteWebDriver.execute(RemoteWebDriver.java:678)
	at org.openqa.selenium.remote.RemoteWebDriver.executeScript(RemoteWebDriver.java:577)
	at utils.DynamicAppSelection.appSelection(DynamicAppSelection.java:20)
	at appICE_Pages.AppsDashboard.monthlyCohort(AppsDashboard.java:200)
... Removed 27 stack frames]]>
    </failure>
  </testcase> <!-- monthlyCohort -->
  <testcase name="monthlyCohort" time="5.442" classname="appICE_Pages.AppsDashboard">
    <failure type="org.openqa.selenium.StaleElementReferenceException" message="Stale element reference (WARNING: The server did not provide any stacktrace information)
Command duration or timeout: 5 milliseconds
For documentation on this error, please visit: http://seleniumhq.org/exceptions/stale_element_reference.html
Build info: version: &amp;apos;2.53.1&amp;apos;, revision: &amp;apos;a36b8b1cd5757287168e54b817830adce9b0158d&amp;apos;, time: &amp;apos;2016-06-30 19:26:09&amp;apos;
System info: host: &amp;apos;RamaSwamy&amp;apos;, ip: &amp;apos;169.254.239.251&amp;apos;, os.name: &amp;apos;Windows 10&amp;apos;, os.arch: &amp;apos;amd64&amp;apos;, os.version: &amp;apos;10.0&amp;apos;, java.version: &amp;apos;1.8.0_60&amp;apos;
Driver info: org.openqa.selenium.chrome.ChromeDriver
Capabilities [{applicationCacheEnabled=true, acceptSslCerts=true, browserVersion=38.14393.1066.0, platformVersion=10, locationContextEnabled=true, webStorageEnabled=true, browserName=MicrosoftEdge, takesScreenshot=true, pageLoadStrategy=normal, takesElementScreenshot=true, platformName=windows, platform=ANY}]
Session ID: B0DC788E-5C52-4D4C-B248-E7FFDC199281">
      <![CDATA[org.openqa.selenium.StaleElementReferenceException: Stale element reference (WARNING: The server did not provide any stacktrace information)
Command duration or timeout: 5 milliseconds
For documentation on this error, please visit: http://seleniumhq.org/exceptions/stale_element_reference.html
Build info: version: '2.53.1', revision: 'a36b8b1cd5757287168e54b817830adce9b0158d', time: '2016-06-30 19:26:09'
System info: host: 'RamaSwamy', ip: '169.254.239.251', os.name: 'Windows 10', os.arch: 'amd64', os.version: '10.0', java.version: '1.8.0_60'
Driver info: org.openqa.selenium.chrome.ChromeDriver
Capabilities [{applicationCacheEnabled=true, acceptSslCerts=true, browserVersion=38.14393.1066.0, platformVersion=10, locationContextEnabled=true, webStorageEnabled=true, browserName=MicrosoftEdge, takesScreenshot=true, pageLoadStrategy=normal, takesElementScreenshot=true, platformName=windows, platform=ANY}]
Session ID: B0DC788E-5C52-4D4C-B248-E7FFDC199281
	at org.openqa.selenium.remote.ErrorHandler.createThrowable(ErrorHandler.java:206)
	at org.openqa.selenium.remote.ErrorHandler.throwIfResponseFailed(ErrorHandler.java:158)
	at org.openqa.selenium.remote.RemoteWebDriver.execute(RemoteWebDriver.java:678)
	at org.openqa.selenium.remote.RemoteWebDriver.executeScript(RemoteWebDriver.java:577)
	at utils.DynamicAppSelection.appSelection(DynamicAppSelection.java:20)
	at appICE_Pages.AppsDashboard.monthlyCohort(AppsDashboard.java:200)
... Removed 27 stack frames]]>
    </failure>
  </testcase> <!-- monthlyCohort -->
  <testcase name="monthlyCohort" time="5.285" classname="appICE_Pages.AppsDashboard">
    <failure type="org.openqa.selenium.StaleElementReferenceException" message="Stale element reference (WARNING: The server did not provide any stacktrace information)
Command duration or timeout: 2 milliseconds
For documentation on this error, please visit: http://seleniumhq.org/exceptions/stale_element_reference.html
Build info: version: &amp;apos;2.53.1&amp;apos;, revision: &amp;apos;a36b8b1cd5757287168e54b817830adce9b0158d&amp;apos;, time: &amp;apos;2016-06-30 19:26:09&amp;apos;
System info: host: &amp;apos;RamaSwamy&amp;apos;, ip: &amp;apos;169.254.239.251&amp;apos;, os.name: &amp;apos;Windows 10&amp;apos;, os.arch: &amp;apos;amd64&amp;apos;, os.version: &amp;apos;10.0&amp;apos;, java.version: &amp;apos;1.8.0_60&amp;apos;
Driver info: org.openqa.selenium.chrome.ChromeDriver
Capabilities [{applicationCacheEnabled=true, acceptSslCerts=true, browserVersion=38.14393.1066.0, platformVersion=10, locationContextEnabled=true, webStorageEnabled=true, browserName=MicrosoftEdge, takesScreenshot=true, pageLoadStrategy=normal, takesElementScreenshot=true, platformName=windows, platform=ANY}]
Session ID: B0DC788E-5C52-4D4C-B248-E7FFDC199281">
      <![CDATA[org.openqa.selenium.StaleElementReferenceException: Stale element reference (WARNING: The server did not provide any stacktrace information)
Command duration or timeout: 2 milliseconds
For documentation on this error, please visit: http://seleniumhq.org/exceptions/stale_element_reference.html
Build info: version: '2.53.1', revision: 'a36b8b1cd5757287168e54b817830adce9b0158d', time: '2016-06-30 19:26:09'
System info: host: 'RamaSwamy', ip: '169.254.239.251', os.name: 'Windows 10', os.arch: 'amd64', os.version: '10.0', java.version: '1.8.0_60'
Driver info: org.openqa.selenium.chrome.ChromeDriver
Capabilities [{applicationCacheEnabled=true, acceptSslCerts=true, browserVersion=38.14393.1066.0, platformVersion=10, locationContextEnabled=true, webStorageEnabled=true, browserName=MicrosoftEdge, takesScreenshot=true, pageLoadStrategy=normal, takesElementScreenshot=true, platformName=windows, platform=ANY}]
Session ID: B0DC788E-5C52-4D4C-B248-E7FFDC199281
	at org.openqa.selenium.remote.ErrorHandler.createThrowable(ErrorHandler.java:206)
	at org.openqa.selenium.remote.ErrorHandler.throwIfResponseFailed(ErrorHandler.java:158)
	at org.openqa.selenium.remote.RemoteWebDriver.execute(RemoteWebDriver.java:678)
	at org.openqa.selenium.remote.RemoteWebDriver.executeScript(RemoteWebDriver.java:577)
	at utils.DynamicAppSelection.appSelection(DynamicAppSelection.java:20)
	at appICE_Pages.AppsDashboard.monthlyCohort(AppsDashboard.java:200)
... Removed 27 stack frames]]>
    </failure>
  </testcase> <!-- monthlyCohort -->
  <testcase name="monthlyCohort" time="6.133" classname="appICE_Pages.AppsDashboard">
    <failure type="org.openqa.selenium.StaleElementReferenceException" message="Stale element reference (WARNING: The server did not provide any stacktrace information)
Command duration or timeout: 22 milliseconds
For documentation on this error, please visit: http://seleniumhq.org/exceptions/stale_element_reference.html
Build info: version: &amp;apos;2.53.1&amp;apos;, revision: &amp;apos;a36b8b1cd5757287168e54b817830adce9b0158d&amp;apos;, time: &amp;apos;2016-06-30 19:26:09&amp;apos;
System info: host: &amp;apos;RamaSwamy&amp;apos;, ip: &amp;apos;169.254.239.251&amp;apos;, os.name: &amp;apos;Windows 10&amp;apos;, os.arch: &amp;apos;amd64&amp;apos;, os.version: &amp;apos;10.0&amp;apos;, java.version: &amp;apos;1.8.0_60&amp;apos;
Driver info: org.openqa.selenium.chrome.ChromeDriver
Capabilities [{applicationCacheEnabled=true, acceptSslCerts=true, browserVersion=38.14393.1066.0, platformVersion=10, locationContextEnabled=true, webStorageEnabled=true, browserName=MicrosoftEdge, takesScreenshot=true, pageLoadStrategy=normal, takesElementScreenshot=true, platformName=windows, platform=ANY}]
Session ID: B0DC788E-5C52-4D4C-B248-E7FFDC199281">
      <![CDATA[org.openqa.selenium.StaleElementReferenceException: Stale element reference (WARNING: The server did not provide any stacktrace information)
Command duration or timeout: 22 milliseconds
For documentation on this error, please visit: http://seleniumhq.org/exceptions/stale_element_reference.html
Build info: version: '2.53.1', revision: 'a36b8b1cd5757287168e54b817830adce9b0158d', time: '2016-06-30 19:26:09'
System info: host: 'RamaSwamy', ip: '169.254.239.251', os.name: 'Windows 10', os.arch: 'amd64', os.version: '10.0', java.version: '1.8.0_60'
Driver info: org.openqa.selenium.chrome.ChromeDriver
Capabilities [{applicationCacheEnabled=true, acceptSslCerts=true, browserVersion=38.14393.1066.0, platformVersion=10, locationContextEnabled=true, webStorageEnabled=true, browserName=MicrosoftEdge, takesScreenshot=true, pageLoadStrategy=normal, takesElementScreenshot=true, platformName=windows, platform=ANY}]
Session ID: B0DC788E-5C52-4D4C-B248-E7FFDC199281
	at org.openqa.selenium.remote.ErrorHandler.createThrowable(ErrorHandler.java:206)
	at org.openqa.selenium.remote.ErrorHandler.throwIfResponseFailed(ErrorHandler.java:158)
	at org.openqa.selenium.remote.RemoteWebDriver.execute(RemoteWebDriver.java:678)
	at org.openqa.selenium.remote.RemoteWebDriver.executeScript(RemoteWebDriver.java:577)
	at utils.DynamicAppSelection.appSelection(DynamicAppSelection.java:20)
	at appICE_Pages.AppsDashboard.monthlyCohort(AppsDashboard.java:200)
... Removed 27 stack frames]]>
    </failure>
  </testcase> <!-- monthlyCohort -->
  <testcase name="dailyCohort" time="6.219" classname="appICE_Pages.AppsDashboard">
    <failure type="org.openqa.selenium.StaleElementReferenceException" message="Stale element reference (WARNING: The server did not provide any stacktrace information)
Command duration or timeout: 28 milliseconds
For documentation on this error, please visit: http://seleniumhq.org/exceptions/stale_element_reference.html
Build info: version: &amp;apos;2.53.1&amp;apos;, revision: &amp;apos;a36b8b1cd5757287168e54b817830adce9b0158d&amp;apos;, time: &amp;apos;2016-06-30 19:26:09&amp;apos;
System info: host: &amp;apos;RamaSwamy&amp;apos;, ip: &amp;apos;169.254.239.251&amp;apos;, os.name: &amp;apos;Windows 10&amp;apos;, os.arch: &amp;apos;amd64&amp;apos;, os.version: &amp;apos;10.0&amp;apos;, java.version: &amp;apos;1.8.0_60&amp;apos;
Driver info: org.openqa.selenium.chrome.ChromeDriver
Capabilities [{applicationCacheEnabled=true, acceptSslCerts=true, browserVersion=38.14393.1066.0, platformVersion=10, locationContextEnabled=true, webStorageEnabled=true, browserName=MicrosoftEdge, takesScreenshot=true, pageLoadStrategy=normal, takesElementScreenshot=true, platformName=windows, platform=ANY}]
Session ID: B0DC788E-5C52-4D4C-B248-E7FFDC199281">
      <![CDATA[org.openqa.selenium.StaleElementReferenceException: Stale element reference (WARNING: The server did not provide any stacktrace information)
Command duration or timeout: 28 milliseconds
For documentation on this error, please visit: http://seleniumhq.org/exceptions/stale_element_reference.html
Build info: version: '2.53.1', revision: 'a36b8b1cd5757287168e54b817830adce9b0158d', time: '2016-06-30 19:26:09'
System info: host: 'RamaSwamy', ip: '169.254.239.251', os.name: 'Windows 10', os.arch: 'amd64', os.version: '10.0', java.version: '1.8.0_60'
Driver info: org.openqa.selenium.chrome.ChromeDriver
Capabilities [{applicationCacheEnabled=true, acceptSslCerts=true, browserVersion=38.14393.1066.0, platformVersion=10, locationContextEnabled=true, webStorageEnabled=true, browserName=MicrosoftEdge, takesScreenshot=true, pageLoadStrategy=normal, takesElementScreenshot=true, platformName=windows, platform=ANY}]
Session ID: B0DC788E-5C52-4D4C-B248-E7FFDC199281
	at org.openqa.selenium.remote.ErrorHandler.createThrowable(ErrorHandler.java:206)
	at org.openqa.selenium.remote.ErrorHandler.throwIfResponseFailed(ErrorHandler.java:158)
	at org.openqa.selenium.remote.RemoteWebDriver.execute(RemoteWebDriver.java:678)
	at org.openqa.selenium.remote.RemoteWebDriver.executeScript(RemoteWebDriver.java:577)
	at utils.DynamicAppSelection.appSelection(DynamicAppSelection.java:20)
	at appICE_Pages.AppsDashboard.dailyCohort(AppsDashboard.java:226)
... Removed 27 stack frames]]>
    </failure>
  </testcase> <!-- dailyCohort -->
  <testcase name="dailyCohort" time="6.16" classname="appICE_Pages.AppsDashboard">
    <failure type="org.openqa.selenium.StaleElementReferenceException" message="Stale element reference (WARNING: The server did not provide any stacktrace information)
Command duration or timeout: 25 milliseconds
For documentation on this error, please visit: http://seleniumhq.org/exceptions/stale_element_reference.html
Build info: version: &amp;apos;2.53.1&amp;apos;, revision: &amp;apos;a36b8b1cd5757287168e54b817830adce9b0158d&amp;apos;, time: &amp;apos;2016-06-30 19:26:09&amp;apos;
System info: host: &amp;apos;RamaSwamy&amp;apos;, ip: &amp;apos;169.254.239.251&amp;apos;, os.name: &amp;apos;Windows 10&amp;apos;, os.arch: &amp;apos;amd64&amp;apos;, os.version: &amp;apos;10.0&amp;apos;, java.version: &amp;apos;1.8.0_60&amp;apos;
Driver info: org.openqa.selenium.chrome.ChromeDriver
Capabilities [{applicationCacheEnabled=true, acceptSslCerts=true, browserVersion=38.14393.1066.0, platformVersion=10, locationContextEnabled=true, webStorageEnabled=true, browserName=MicrosoftEdge, takesScreenshot=true, pageLoadStrategy=normal, takesElementScreenshot=true, platformName=windows, platform=ANY}]
Session ID: B0DC788E-5C52-4D4C-B248-E7FFDC199281">
      <![CDATA[org.openqa.selenium.StaleElementReferenceException: Stale element reference (WARNING: The server did not provide any stacktrace information)
Command duration or timeout: 25 milliseconds
For documentation on this error, please visit: http://seleniumhq.org/exceptions/stale_element_reference.html
Build info: version: '2.53.1', revision: 'a36b8b1cd5757287168e54b817830adce9b0158d', time: '2016-06-30 19:26:09'
System info: host: 'RamaSwamy', ip: '169.254.239.251', os.name: 'Windows 10', os.arch: 'amd64', os.version: '10.0', java.version: '1.8.0_60'
Driver info: org.openqa.selenium.chrome.ChromeDriver
Capabilities [{applicationCacheEnabled=true, acceptSslCerts=true, browserVersion=38.14393.1066.0, platformVersion=10, locationContextEnabled=true, webStorageEnabled=true, browserName=MicrosoftEdge, takesScreenshot=true, pageLoadStrategy=normal, takesElementScreenshot=true, platformName=windows, platform=ANY}]
Session ID: B0DC788E-5C52-4D4C-B248-E7FFDC199281
	at org.openqa.selenium.remote.ErrorHandler.createThrowable(ErrorHandler.java:206)
	at org.openqa.selenium.remote.ErrorHandler.throwIfResponseFailed(ErrorHandler.java:158)
	at org.openqa.selenium.remote.RemoteWebDriver.execute(RemoteWebDriver.java:678)
	at org.openqa.selenium.remote.RemoteWebDriver.executeScript(RemoteWebDriver.java:577)
	at utils.DynamicAppSelection.appSelection(DynamicAppSelection.java:20)
	at appICE_Pages.AppsDashboard.dailyCohort(AppsDashboard.java:226)
... Removed 27 stack frames]]>
    </failure>
  </testcase> <!-- dailyCohort -->
  <testcase name="dailyCohort" time="5.844" classname="appICE_Pages.AppsDashboard">
    <failure type="org.openqa.selenium.StaleElementReferenceException" message="Stale element reference (WARNING: The server did not provide any stacktrace information)
Command duration or timeout: 6 milliseconds
For documentation on this error, please visit: http://seleniumhq.org/exceptions/stale_element_reference.html
Build info: version: &amp;apos;2.53.1&amp;apos;, revision: &amp;apos;a36b8b1cd5757287168e54b817830adce9b0158d&amp;apos;, time: &amp;apos;2016-06-30 19:26:09&amp;apos;
System info: host: &amp;apos;RamaSwamy&amp;apos;, ip: &amp;apos;169.254.239.251&amp;apos;, os.name: &amp;apos;Windows 10&amp;apos;, os.arch: &amp;apos;amd64&amp;apos;, os.version: &amp;apos;10.0&amp;apos;, java.version: &amp;apos;1.8.0_60&amp;apos;
Driver info: org.openqa.selenium.chrome.ChromeDriver
Capabilities [{applicationCacheEnabled=true, acceptSslCerts=true, browserVersion=38.14393.1066.0, platformVersion=10, locationContextEnabled=true, webStorageEnabled=true, browserName=MicrosoftEdge, takesScreenshot=true, pageLoadStrategy=normal, takesElementScreenshot=true, platformName=windows, platform=ANY}]
Session ID: B0DC788E-5C52-4D4C-B248-E7FFDC199281">
      <![CDATA[org.openqa.selenium.StaleElementReferenceException: Stale element reference (WARNING: The server did not provide any stacktrace information)
Command duration or timeout: 6 milliseconds
For documentation on this error, please visit: http://seleniumhq.org/exceptions/stale_element_reference.html
Build info: version: '2.53.1', revision: 'a36b8b1cd5757287168e54b817830adce9b0158d', time: '2016-06-30 19:26:09'
System info: host: 'RamaSwamy', ip: '169.254.239.251', os.name: 'Windows 10', os.arch: 'amd64', os.version: '10.0', java.version: '1.8.0_60'
Driver info: org.openqa.selenium.chrome.ChromeDriver
Capabilities [{applicationCacheEnabled=true, acceptSslCerts=true, browserVersion=38.14393.1066.0, platformVersion=10, locationContextEnabled=true, webStorageEnabled=true, browserName=MicrosoftEdge, takesScreenshot=true, pageLoadStrategy=normal, takesElementScreenshot=true, platformName=windows, platform=ANY}]
Session ID: B0DC788E-5C52-4D4C-B248-E7FFDC199281
	at org.openqa.selenium.remote.ErrorHandler.createThrowable(ErrorHandler.java:206)
	at org.openqa.selenium.remote.ErrorHandler.throwIfResponseFailed(ErrorHandler.java:158)
	at org.openqa.selenium.remote.RemoteWebDriver.execute(RemoteWebDriver.java:678)
	at org.openqa.selenium.remote.RemoteWebDriver.executeScript(RemoteWebDriver.java:577)
	at utils.DynamicAppSelection.appSelection(DynamicAppSelection.java:20)
	at appICE_Pages.AppsDashboard.dailyCohort(AppsDashboard.java:226)
... Removed 27 stack frames]]>
    </failure>
  </testcase> <!-- dailyCohort -->
  <testcase name="dailyCohort" time="6.412" classname="appICE_Pages.AppsDashboard">
    <failure type="org.openqa.selenium.StaleElementReferenceException" message="Stale element reference (WARNING: The server did not provide any stacktrace information)
Command duration or timeout: 3 milliseconds
For documentation on this error, please visit: http://seleniumhq.org/exceptions/stale_element_reference.html
Build info: version: &amp;apos;2.53.1&amp;apos;, revision: &amp;apos;a36b8b1cd5757287168e54b817830adce9b0158d&amp;apos;, time: &amp;apos;2016-06-30 19:26:09&amp;apos;
System info: host: &amp;apos;RamaSwamy&amp;apos;, ip: &amp;apos;169.254.239.251&amp;apos;, os.name: &amp;apos;Windows 10&amp;apos;, os.arch: &amp;apos;amd64&amp;apos;, os.version: &amp;apos;10.0&amp;apos;, java.version: &amp;apos;1.8.0_60&amp;apos;
Driver info: org.openqa.selenium.chrome.ChromeDriver
Capabilities [{applicationCacheEnabled=true, acceptSslCerts=true, browserVersion=38.14393.1066.0, platformVersion=10, locationContextEnabled=true, webStorageEnabled=true, browserName=MicrosoftEdge, takesScreenshot=true, pageLoadStrategy=normal, takesElementScreenshot=true, platformName=windows, platform=ANY}]
Session ID: B0DC788E-5C52-4D4C-B248-E7FFDC199281">
      <![CDATA[org.openqa.selenium.StaleElementReferenceException: Stale element reference (WARNING: The server did not provide any stacktrace information)
Command duration or timeout: 3 milliseconds
For documentation on this error, please visit: http://seleniumhq.org/exceptions/stale_element_reference.html
Build info: version: '2.53.1', revision: 'a36b8b1cd5757287168e54b817830adce9b0158d', time: '2016-06-30 19:26:09'
System info: host: 'RamaSwamy', ip: '169.254.239.251', os.name: 'Windows 10', os.arch: 'amd64', os.version: '10.0', java.version: '1.8.0_60'
Driver info: org.openqa.selenium.chrome.ChromeDriver
Capabilities [{applicationCacheEnabled=true, acceptSslCerts=true, browserVersion=38.14393.1066.0, platformVersion=10, locationContextEnabled=true, webStorageEnabled=true, browserName=MicrosoftEdge, takesScreenshot=true, pageLoadStrategy=normal, takesElementScreenshot=true, platformName=windows, platform=ANY}]
Session ID: B0DC788E-5C52-4D4C-B248-E7FFDC199281
	at org.openqa.selenium.remote.ErrorHandler.createThrowable(ErrorHandler.java:206)
	at org.openqa.selenium.remote.ErrorHandler.throwIfResponseFailed(ErrorHandler.java:158)
	at org.openqa.selenium.remote.RemoteWebDriver.execute(RemoteWebDriver.java:678)
	at org.openqa.selenium.remote.RemoteWebDriver.executeScript(RemoteWebDriver.java:577)
	at utils.DynamicAppSelection.appSelection(DynamicAppSelection.java:20)
	at appICE_Pages.AppsDashboard.dailyCohort(AppsDashboard.java:226)
... Removed 27 stack frames]]>
    </failure>
  </testcase> <!-- dailyCohort -->
  <testcase name="weeklyCohort" time="4.973" classname="appICE_Pages.AppsDashboard">
    <failure type="org.openqa.selenium.StaleElementReferenceException" message="Stale element reference (WARNING: The server did not provide any stacktrace information)
Command duration or timeout: 4 milliseconds
For documentation on this error, please visit: http://seleniumhq.org/exceptions/stale_element_reference.html
Build info: version: &amp;apos;2.53.1&amp;apos;, revision: &amp;apos;a36b8b1cd5757287168e54b817830adce9b0158d&amp;apos;, time: &amp;apos;2016-06-30 19:26:09&amp;apos;
System info: host: &amp;apos;RamaSwamy&amp;apos;, ip: &amp;apos;169.254.239.251&amp;apos;, os.name: &amp;apos;Windows 10&amp;apos;, os.arch: &amp;apos;amd64&amp;apos;, os.version: &amp;apos;10.0&amp;apos;, java.version: &amp;apos;1.8.0_60&amp;apos;
Driver info: org.openqa.selenium.chrome.ChromeDriver
Capabilities [{applicationCacheEnabled=true, acceptSslCerts=true, browserVersion=38.14393.1066.0, platformVersion=10, locationContextEnabled=true, webStorageEnabled=true, browserName=MicrosoftEdge, takesScreenshot=true, pageLoadStrategy=normal, takesElementScreenshot=true, platformName=windows, platform=ANY}]
Session ID: B0DC788E-5C52-4D4C-B248-E7FFDC199281">
      <![CDATA[org.openqa.selenium.StaleElementReferenceException: Stale element reference (WARNING: The server did not provide any stacktrace information)
Command duration or timeout: 4 milliseconds
For documentation on this error, please visit: http://seleniumhq.org/exceptions/stale_element_reference.html
Build info: version: '2.53.1', revision: 'a36b8b1cd5757287168e54b817830adce9b0158d', time: '2016-06-30 19:26:09'
System info: host: 'RamaSwamy', ip: '169.254.239.251', os.name: 'Windows 10', os.arch: 'amd64', os.version: '10.0', java.version: '1.8.0_60'
Driver info: org.openqa.selenium.chrome.ChromeDriver
Capabilities [{applicationCacheEnabled=true, acceptSslCerts=true, browserVersion=38.14393.1066.0, platformVersion=10, locationContextEnabled=true, webStorageEnabled=true, browserName=MicrosoftEdge, takesScreenshot=true, pageLoadStrategy=normal, takesElementScreenshot=true, platformName=windows, platform=ANY}]
Session ID: B0DC788E-5C52-4D4C-B248-E7FFDC199281
	at org.openqa.selenium.remote.ErrorHandler.createThrowable(ErrorHandler.java:206)
	at org.openqa.selenium.remote.ErrorHandler.throwIfResponseFailed(ErrorHandler.java:158)
	at org.openqa.selenium.remote.RemoteWebDriver.execute(RemoteWebDriver.java:678)
	at org.openqa.selenium.remote.RemoteWebDriver.executeScript(RemoteWebDriver.java:577)
	at utils.DynamicAppSelection.appSelection(DynamicAppSelection.java:20)
	at appICE_Pages.AppsDashboard.weeklyCohort(AppsDashboard.java:247)
... Removed 27 stack frames]]>
    </failure>
  </testcase> <!-- weeklyCohort -->
  <testcase name="weeklyCohort" time="5.684" classname="appICE_Pages.AppsDashboard">
    <failure type="org.openqa.selenium.StaleElementReferenceException" message="Stale element reference (WARNING: The server did not provide any stacktrace information)
Command duration or timeout: 4 milliseconds
For documentation on this error, please visit: http://seleniumhq.org/exceptions/stale_element_reference.html
Build info: version: &amp;apos;2.53.1&amp;apos;, revision: &amp;apos;a36b8b1cd5757287168e54b817830adce9b0158d&amp;apos;, time: &amp;apos;2016-06-30 19:26:09&amp;apos;
System info: host: &amp;apos;RamaSwamy&amp;apos;, ip: &amp;apos;169.254.239.251&amp;apos;, os.name: &amp;apos;Windows 10&amp;apos;, os.arch: &amp;apos;amd64&amp;apos;, os.version: &amp;apos;10.0&amp;apos;, java.version: &amp;apos;1.8.0_60&amp;apos;
Driver info: org.openqa.selenium.chrome.ChromeDriver
Capabilities [{applicationCacheEnabled=true, acceptSslCerts=true, browserVersion=38.14393.1066.0, platformVersion=10, locationContextEnabled=true, webStorageEnabled=true, browserName=MicrosoftEdge, takesScreenshot=true, pageLoadStrategy=normal, takesElementScreenshot=true, platformName=windows, platform=ANY}]
Session ID: B0DC788E-5C52-4D4C-B248-E7FFDC199281">
      <![CDATA[org.openqa.selenium.StaleElementReferenceException: Stale element reference (WARNING: The server did not provide any stacktrace information)
Command duration or timeout: 4 milliseconds
For documentation on this error, please visit: http://seleniumhq.org/exceptions/stale_element_reference.html
Build info: version: '2.53.1', revision: 'a36b8b1cd5757287168e54b817830adce9b0158d', time: '2016-06-30 19:26:09'
System info: host: 'RamaSwamy', ip: '169.254.239.251', os.name: 'Windows 10', os.arch: 'amd64', os.version: '10.0', java.version: '1.8.0_60'
Driver info: org.openqa.selenium.chrome.ChromeDriver
Capabilities [{applicationCacheEnabled=true, acceptSslCerts=true, browserVersion=38.14393.1066.0, platformVersion=10, locationContextEnabled=true, webStorageEnabled=true, browserName=MicrosoftEdge, takesScreenshot=true, pageLoadStrategy=normal, takesElementScreenshot=true, platformName=windows, platform=ANY}]
Session ID: B0DC788E-5C52-4D4C-B248-E7FFDC199281
	at org.openqa.selenium.remote.ErrorHandler.createThrowable(ErrorHandler.java:206)
	at org.openqa.selenium.remote.ErrorHandler.throwIfResponseFailed(ErrorHandler.java:158)
	at org.openqa.selenium.remote.RemoteWebDriver.execute(RemoteWebDriver.java:678)
	at org.openqa.selenium.remote.RemoteWebDriver.executeScript(RemoteWebDriver.java:577)
	at utils.DynamicAppSelection.appSelection(DynamicAppSelection.java:20)
	at appICE_Pages.AppsDashboard.weeklyCohort(AppsDashboard.java:247)
... Removed 27 stack frames]]>
    </failure>
  </testcase> <!-- weeklyCohort -->
  <testcase name="weeklyCohort" time="5.313" classname="appICE_Pages.AppsDashboard">
    <failure type="org.openqa.selenium.StaleElementReferenceException" message="Stale element reference (WARNING: The server did not provide any stacktrace information)
Command duration or timeout: 9 milliseconds
For documentation on this error, please visit: http://seleniumhq.org/exceptions/stale_element_reference.html
Build info: version: &amp;apos;2.53.1&amp;apos;, revision: &amp;apos;a36b8b1cd5757287168e54b817830adce9b0158d&amp;apos;, time: &amp;apos;2016-06-30 19:26:09&amp;apos;
System info: host: &amp;apos;RamaSwamy&amp;apos;, ip: &amp;apos;169.254.239.251&amp;apos;, os.name: &amp;apos;Windows 10&amp;apos;, os.arch: &amp;apos;amd64&amp;apos;, os.version: &amp;apos;10.0&amp;apos;, java.version: &amp;apos;1.8.0_60&amp;apos;
Driver info: org.openqa.selenium.chrome.ChromeDriver
Capabilities [{applicationCacheEnabled=true, acceptSslCerts=true, browserVersion=38.14393.1066.0, platformVersion=10, locationContextEnabled=true, webStorageEnabled=true, browserName=MicrosoftEdge, takesScreenshot=true, pageLoadStrategy=normal, takesElementScreenshot=true, platformName=windows, platform=ANY}]
Session ID: B0DC788E-5C52-4D4C-B248-E7FFDC199281">
      <![CDATA[org.openqa.selenium.StaleElementReferenceException: Stale element reference (WARNING: The server did not provide any stacktrace information)
Command duration or timeout: 9 milliseconds
For documentation on this error, please visit: http://seleniumhq.org/exceptions/stale_element_reference.html
Build info: version: '2.53.1', revision: 'a36b8b1cd5757287168e54b817830adce9b0158d', time: '2016-06-30 19:26:09'
System info: host: 'RamaSwamy', ip: '169.254.239.251', os.name: 'Windows 10', os.arch: 'amd64', os.version: '10.0', java.version: '1.8.0_60'
Driver info: org.openqa.selenium.chrome.ChromeDriver
Capabilities [{applicationCacheEnabled=true, acceptSslCerts=true, browserVersion=38.14393.1066.0, platformVersion=10, locationContextEnabled=true, webStorageEnabled=true, browserName=MicrosoftEdge, takesScreenshot=true, pageLoadStrategy=normal, takesElementScreenshot=true, platformName=windows, platform=ANY}]
Session ID: B0DC788E-5C52-4D4C-B248-E7FFDC199281
	at org.openqa.selenium.remote.ErrorHandler.createThrowable(ErrorHandler.java:206)
	at org.openqa.selenium.remote.ErrorHandler.throwIfResponseFailed(ErrorHandler.java:158)
	at org.openqa.selenium.remote.RemoteWebDriver.execute(RemoteWebDriver.java:678)
	at org.openqa.selenium.remote.RemoteWebDriver.executeScript(RemoteWebDriver.java:577)
	at utils.DynamicAppSelection.appSelection(DynamicAppSelection.java:20)
	at appICE_Pages.AppsDashboard.weeklyCohort(AppsDashboard.java:247)
... Removed 27 stack frames]]>
    </failure>
  </testcase> <!-- weeklyCohort -->
  <testcase name="weeklyCohort" time="5.319" classname="appICE_Pages.AppsDashboard">
    <failure type="org.openqa.selenium.StaleElementReferenceException" message="Stale element reference (WARNING: The server did not provide any stacktrace information)
Command duration or timeout: 11 milliseconds
For documentation on this error, please visit: http://seleniumhq.org/exceptions/stale_element_reference.html
Build info: version: &amp;apos;2.53.1&amp;apos;, revision: &amp;apos;a36b8b1cd5757287168e54b817830adce9b0158d&amp;apos;, time: &amp;apos;2016-06-30 19:26:09&amp;apos;
System info: host: &amp;apos;RamaSwamy&amp;apos;, ip: &amp;apos;169.254.239.251&amp;apos;, os.name: &amp;apos;Windows 10&amp;apos;, os.arch: &amp;apos;amd64&amp;apos;, os.version: &amp;apos;10.0&amp;apos;, java.version: &amp;apos;1.8.0_60&amp;apos;
Driver info: org.openqa.selenium.chrome.ChromeDriver
Capabilities [{applicationCacheEnabled=true, acceptSslCerts=true, browserVersion=38.14393.1066.0, platformVersion=10, locationContextEnabled=true, webStorageEnabled=true, browserName=MicrosoftEdge, takesScreenshot=true, pageLoadStrategy=normal, takesElementScreenshot=true, platformName=windows, platform=ANY}]
Session ID: B0DC788E-5C52-4D4C-B248-E7FFDC199281">
      <![CDATA[org.openqa.selenium.StaleElementReferenceException: Stale element reference (WARNING: The server did not provide any stacktrace information)
Command duration or timeout: 11 milliseconds
For documentation on this error, please visit: http://seleniumhq.org/exceptions/stale_element_reference.html
Build info: version: '2.53.1', revision: 'a36b8b1cd5757287168e54b817830adce9b0158d', time: '2016-06-30 19:26:09'
System info: host: 'RamaSwamy', ip: '169.254.239.251', os.name: 'Windows 10', os.arch: 'amd64', os.version: '10.0', java.version: '1.8.0_60'
Driver info: org.openqa.selenium.chrome.ChromeDriver
Capabilities [{applicationCacheEnabled=true, acceptSslCerts=true, browserVersion=38.14393.1066.0, platformVersion=10, locationContextEnabled=true, webStorageEnabled=true, browserName=MicrosoftEdge, takesScreenshot=true, pageLoadStrategy=normal, takesElementScreenshot=true, platformName=windows, platform=ANY}]
Session ID: B0DC788E-5C52-4D4C-B248-E7FFDC199281
	at org.openqa.selenium.remote.ErrorHandler.createThrowable(ErrorHandler.java:206)
	at org.openqa.selenium.remote.ErrorHandler.throwIfResponseFailed(ErrorHandler.java:158)
	at org.openqa.selenium.remote.RemoteWebDriver.execute(RemoteWebDriver.java:678)
	at org.openqa.selenium.remote.RemoteWebDriver.executeScript(RemoteWebDriver.java:577)
	at utils.DynamicAppSelection.appSelection(DynamicAppSelection.java:20)
	at appICE_Pages.AppsDashboard.weeklyCohort(AppsDashboard.java:247)
... Removed 27 stack frames]]>
    </failure>
  </testcase> <!-- weeklyCohort -->
  <testcase name="yearCohort" time="4.997" classname="appICE_Pages.AppsDashboard">
    <failure type="org.openqa.selenium.StaleElementReferenceException" message="Stale element reference (WARNING: The server did not provide any stacktrace information)
Command duration or timeout: 2 milliseconds
For documentation on this error, please visit: http://seleniumhq.org/exceptions/stale_element_reference.html
Build info: version: &amp;apos;2.53.1&amp;apos;, revision: &amp;apos;a36b8b1cd5757287168e54b817830adce9b0158d&amp;apos;, time: &amp;apos;2016-06-30 19:26:09&amp;apos;
System info: host: &amp;apos;RamaSwamy&amp;apos;, ip: &amp;apos;169.254.239.251&amp;apos;, os.name: &amp;apos;Windows 10&amp;apos;, os.arch: &amp;apos;amd64&amp;apos;, os.version: &amp;apos;10.0&amp;apos;, java.version: &amp;apos;1.8.0_60&amp;apos;
Driver info: org.openqa.selenium.chrome.ChromeDriver
Capabilities [{applicationCacheEnabled=true, acceptSslCerts=true, browserVersion=38.14393.1066.0, platformVersion=10, locationContextEnabled=true, webStorageEnabled=true, browserName=MicrosoftEdge, takesScreenshot=true, pageLoadStrategy=normal, takesElementScreenshot=true, platformName=windows, platform=ANY}]
Session ID: B0DC788E-5C52-4D4C-B248-E7FFDC199281">
      <![CDATA[org.openqa.selenium.StaleElementReferenceException: Stale element reference (WARNING: The server did not provide any stacktrace information)
Command duration or timeout: 2 milliseconds
For documentation on this error, please visit: http://seleniumhq.org/exceptions/stale_element_reference.html
Build info: version: '2.53.1', revision: 'a36b8b1cd5757287168e54b817830adce9b0158d', time: '2016-06-30 19:26:09'
System info: host: 'RamaSwamy', ip: '169.254.239.251', os.name: 'Windows 10', os.arch: 'amd64', os.version: '10.0', java.version: '1.8.0_60'
Driver info: org.openqa.selenium.chrome.ChromeDriver
Capabilities [{applicationCacheEnabled=true, acceptSslCerts=true, browserVersion=38.14393.1066.0, platformVersion=10, locationContextEnabled=true, webStorageEnabled=true, browserName=MicrosoftEdge, takesScreenshot=true, pageLoadStrategy=normal, takesElementScreenshot=true, platformName=windows, platform=ANY}]
Session ID: B0DC788E-5C52-4D4C-B248-E7FFDC199281
	at org.openqa.selenium.remote.ErrorHandler.createThrowable(ErrorHandler.java:206)
	at org.openqa.selenium.remote.ErrorHandler.throwIfResponseFailed(ErrorHandler.java:158)
	at org.openqa.selenium.remote.RemoteWebDriver.execute(RemoteWebDriver.java:678)
	at org.openqa.selenium.remote.RemoteWebDriver.executeScript(RemoteWebDriver.java:577)
	at utils.DynamicAppSelection.appSelection(DynamicAppSelection.java:20)
	at appICE_Pages.AppsDashboard.yearCohort(AppsDashboard.java:267)
... Removed 27 stack frames]]>
    </failure>
  </testcase> <!-- yearCohort -->
  <testcase name="yearCohort" time="5.375" classname="appICE_Pages.AppsDashboard">
    <failure type="org.openqa.selenium.StaleElementReferenceException" message="Stale element reference (WARNING: The server did not provide any stacktrace information)
Command duration or timeout: 10 milliseconds
For documentation on this error, please visit: http://seleniumhq.org/exceptions/stale_element_reference.html
Build info: version: &amp;apos;2.53.1&amp;apos;, revision: &amp;apos;a36b8b1cd5757287168e54b817830adce9b0158d&amp;apos;, time: &amp;apos;2016-06-30 19:26:09&amp;apos;
System info: host: &amp;apos;RamaSwamy&amp;apos;, ip: &amp;apos;169.254.239.251&amp;apos;, os.name: &amp;apos;Windows 10&amp;apos;, os.arch: &amp;apos;amd64&amp;apos;, os.version: &amp;apos;10.0&amp;apos;, java.version: &amp;apos;1.8.0_60&amp;apos;
Driver info: org.openqa.selenium.chrome.ChromeDriver
Capabilities [{applicationCacheEnabled=true, acceptSslCerts=true, browserVersion=38.14393.1066.0, platformVersion=10, locationContextEnabled=true, webStorageEnabled=true, browserName=MicrosoftEdge, takesScreenshot=true, pageLoadStrategy=normal, takesElementScreenshot=true, platformName=windows, platform=ANY}]
Session ID: B0DC788E-5C52-4D4C-B248-E7FFDC199281">
      <![CDATA[org.openqa.selenium.StaleElementReferenceException: Stale element reference (WARNING: The server did not provide any stacktrace information)
Command duration or timeout: 10 milliseconds
For documentation on this error, please visit: http://seleniumhq.org/exceptions/stale_element_reference.html
Build info: version: '2.53.1', revision: 'a36b8b1cd5757287168e54b817830adce9b0158d', time: '2016-06-30 19:26:09'
System info: host: 'RamaSwamy', ip: '169.254.239.251', os.name: 'Windows 10', os.arch: 'amd64', os.version: '10.0', java.version: '1.8.0_60'
Driver info: org.openqa.selenium.chrome.ChromeDriver
Capabilities [{applicationCacheEnabled=true, acceptSslCerts=true, browserVersion=38.14393.1066.0, platformVersion=10, locationContextEnabled=true, webStorageEnabled=true, browserName=MicrosoftEdge, takesScreenshot=true, pageLoadStrategy=normal, takesElementScreenshot=true, platformName=windows, platform=ANY}]
Session ID: B0DC788E-5C52-4D4C-B248-E7FFDC199281
	at org.openqa.selenium.remote.ErrorHandler.createThrowable(ErrorHandler.java:206)
	at org.openqa.selenium.remote.ErrorHandler.throwIfResponseFailed(ErrorHandler.java:158)
	at org.openqa.selenium.remote.RemoteWebDriver.execute(RemoteWebDriver.java:678)
	at org.openqa.selenium.remote.RemoteWebDriver.executeScript(RemoteWebDriver.java:577)
	at utils.DynamicAppSelection.appSelection(DynamicAppSelection.java:20)
	at appICE_Pages.AppsDashboard.yearCohort(AppsDashboard.java:267)
... Removed 27 stack frames]]>
    </failure>
  </testcase> <!-- yearCohort -->
  <testcase name="yearCohort" time="5.228" classname="appICE_Pages.AppsDashboard">
    <failure type="org.openqa.selenium.StaleElementReferenceException" message="Stale element reference (WARNING: The server did not provide any stacktrace information)
Command duration or timeout: 6 milliseconds
For documentation on this error, please visit: http://seleniumhq.org/exceptions/stale_element_reference.html
Build info: version: &amp;apos;2.53.1&amp;apos;, revision: &amp;apos;a36b8b1cd5757287168e54b817830adce9b0158d&amp;apos;, time: &amp;apos;2016-06-30 19:26:09&amp;apos;
System info: host: &amp;apos;RamaSwamy&amp;apos;, ip: &amp;apos;169.254.239.251&amp;apos;, os.name: &amp;apos;Windows 10&amp;apos;, os.arch: &amp;apos;amd64&amp;apos;, os.version: &amp;apos;10.0&amp;apos;, java.version: &amp;apos;1.8.0_60&amp;apos;
Driver info: org.openqa.selenium.chrome.ChromeDriver
Capabilities [{applicationCacheEnabled=true, acceptSslCerts=true, browserVersion=38.14393.1066.0, platformVersion=10, locationContextEnabled=true, webStorageEnabled=true, browserName=MicrosoftEdge, takesScreenshot=true, pageLoadStrategy=normal, takesElementScreenshot=true, platformName=windows, platform=ANY}]
Session ID: B0DC788E-5C52-4D4C-B248-E7FFDC199281">
      <![CDATA[org.openqa.selenium.StaleElementReferenceException: Stale element reference (WARNING: The server did not provide any stacktrace information)
Command duration or timeout: 6 milliseconds
For documentation on this error, please visit: http://seleniumhq.org/exceptions/stale_element_reference.html
Build info: version: '2.53.1', revision: 'a36b8b1cd5757287168e54b817830adce9b0158d', time: '2016-06-30 19:26:09'
System info: host: 'RamaSwamy', ip: '169.254.239.251', os.name: 'Windows 10', os.arch: 'amd64', os.version: '10.0', java.version: '1.8.0_60'
Driver info: org.openqa.selenium.chrome.ChromeDriver
Capabilities [{applicationCacheEnabled=true, acceptSslCerts=true, browserVersion=38.14393.1066.0, platformVersion=10, locationContextEnabled=true, webStorageEnabled=true, browserName=MicrosoftEdge, takesScreenshot=true, pageLoadStrategy=normal, takesElementScreenshot=true, platformName=windows, platform=ANY}]
Session ID: B0DC788E-5C52-4D4C-B248-E7FFDC199281
	at org.openqa.selenium.remote.ErrorHandler.createThrowable(ErrorHandler.java:206)
	at org.openqa.selenium.remote.ErrorHandler.throwIfResponseFailed(ErrorHandler.java:158)
	at org.openqa.selenium.remote.RemoteWebDriver.execute(RemoteWebDriver.java:678)
	at org.openqa.selenium.remote.RemoteWebDriver.executeScript(RemoteWebDriver.java:577)
	at utils.DynamicAppSelection.appSelection(DynamicAppSelection.java:20)
	at appICE_Pages.AppsDashboard.yearCohort(AppsDashboard.java:267)
... Removed 27 stack frames]]>
    </failure>
  </testcase> <!-- yearCohort -->
  <testcase name="yearCohort" time="5.345" classname="appICE_Pages.AppsDashboard">
    <failure type="org.openqa.selenium.StaleElementReferenceException" message="Stale element reference (WARNING: The server did not provide any stacktrace information)
Command duration or timeout: 5 milliseconds
For documentation on this error, please visit: http://seleniumhq.org/exceptions/stale_element_reference.html
Build info: version: &amp;apos;2.53.1&amp;apos;, revision: &amp;apos;a36b8b1cd5757287168e54b817830adce9b0158d&amp;apos;, time: &amp;apos;2016-06-30 19:26:09&amp;apos;
System info: host: &amp;apos;RamaSwamy&amp;apos;, ip: &amp;apos;169.254.239.251&amp;apos;, os.name: &amp;apos;Windows 10&amp;apos;, os.arch: &amp;apos;amd64&amp;apos;, os.version: &amp;apos;10.0&amp;apos;, java.version: &amp;apos;1.8.0_60&amp;apos;
Driver info: org.openqa.selenium.chrome.ChromeDriver
Capabilities [{applicationCacheEnabled=true, acceptSslCerts=true, browserVersion=38.14393.1066.0, platformVersion=10, locationContextEnabled=true, webStorageEnabled=true, browserName=MicrosoftEdge, takesScreenshot=true, pageLoadStrategy=normal, takesElementScreenshot=true, platformName=windows, platform=ANY}]
Session ID: B0DC788E-5C52-4D4C-B248-E7FFDC199281">
      <![CDATA[org.openqa.selenium.StaleElementReferenceException: Stale element reference (WARNING: The server did not provide any stacktrace information)
Command duration or timeout: 5 milliseconds
For documentation on this error, please visit: http://seleniumhq.org/exceptions/stale_element_reference.html
Build info: version: '2.53.1', revision: 'a36b8b1cd5757287168e54b817830adce9b0158d', time: '2016-06-30 19:26:09'
System info: host: 'RamaSwamy', ip: '169.254.239.251', os.name: 'Windows 10', os.arch: 'amd64', os.version: '10.0', java.version: '1.8.0_60'
Driver info: org.openqa.selenium.chrome.ChromeDriver
Capabilities [{applicationCacheEnabled=true, acceptSslCerts=true, browserVersion=38.14393.1066.0, platformVersion=10, locationContextEnabled=true, webStorageEnabled=true, browserName=MicrosoftEdge, takesScreenshot=true, pageLoadStrategy=normal, takesElementScreenshot=true, platformName=windows, platform=ANY}]
Session ID: B0DC788E-5C52-4D4C-B248-E7FFDC199281
	at org.openqa.selenium.remote.ErrorHandler.createThrowable(ErrorHandler.java:206)
	at org.openqa.selenium.remote.ErrorHandler.throwIfResponseFailed(ErrorHandler.java:158)
	at org.openqa.selenium.remote.RemoteWebDriver.execute(RemoteWebDriver.java:678)
	at org.openqa.selenium.remote.RemoteWebDriver.executeScript(RemoteWebDriver.java:577)
	at utils.DynamicAppSelection.appSelection(DynamicAppSelection.java:20)
	at appICE_Pages.AppsDashboard.yearCohort(AppsDashboard.java:267)
... Removed 27 stack frames]]>
    </failure>
  </testcase> <!-- yearCohort -->
  <testcase name="loginpage" time="1.093" classname="appICE_Pages.OutsideTheAppPage"/>
  <testcase name="competingApps" time="10.417" classname="appICE_Pages.OutsideTheAppPage">
    <failure type="org.openqa.selenium.StaleElementReferenceException" message="Stale element reference (WARNING: The server did not provide any stacktrace information)
Command duration or timeout: 2 milliseconds
For documentation on this error, please visit: http://seleniumhq.org/exceptions/stale_element_reference.html
Build info: version: &amp;apos;2.53.1&amp;apos;, revision: &amp;apos;a36b8b1cd5757287168e54b817830adce9b0158d&amp;apos;, time: &amp;apos;2016-06-30 19:26:09&amp;apos;
System info: host: &amp;apos;RamaSwamy&amp;apos;, ip: &amp;apos;169.254.239.251&amp;apos;, os.name: &amp;apos;Windows 10&amp;apos;, os.arch: &amp;apos;amd64&amp;apos;, os.version: &amp;apos;10.0&amp;apos;, java.version: &amp;apos;1.8.0_60&amp;apos;
Driver info: org.openqa.selenium.chrome.ChromeDriver
Capabilities [{applicationCacheEnabled=true, acceptSslCerts=true, browserVersion=38.14393.1066.0, platformVersion=10, locationContextEnabled=true, webStorageEnabled=true, browserName=MicrosoftEdge, takesScreenshot=true, pageLoadStrategy=normal, takesElementScreenshot=true, platformName=windows, platform=ANY}]
Session ID: 5E94892D-83DB-4EF3-9A07-0630BFD7A14C">
      <![CDATA[org.openqa.selenium.StaleElementReferenceException: Stale element reference (WARNING: The server did not provide any stacktrace information)
Command duration or timeout: 2 milliseconds
For documentation on this error, please visit: http://seleniumhq.org/exceptions/stale_element_reference.html
Build info: version: '2.53.1', revision: 'a36b8b1cd5757287168e54b817830adce9b0158d', time: '2016-06-30 19:26:09'
System info: host: 'RamaSwamy', ip: '169.254.239.251', os.name: 'Windows 10', os.arch: 'amd64', os.version: '10.0', java.version: '1.8.0_60'
Driver info: org.openqa.selenium.chrome.ChromeDriver
Capabilities [{applicationCacheEnabled=true, acceptSslCerts=true, browserVersion=38.14393.1066.0, platformVersion=10, locationContextEnabled=true, webStorageEnabled=true, browserName=MicrosoftEdge, takesScreenshot=true, pageLoadStrategy=normal, takesElementScreenshot=true, platformName=windows, platform=ANY}]
Session ID: 5E94892D-83DB-4EF3-9A07-0630BFD7A14C
	at org.openqa.selenium.remote.ErrorHandler.createThrowable(ErrorHandler.java:206)
	at org.openqa.selenium.remote.ErrorHandler.throwIfResponseFailed(ErrorHandler.java:158)
	at org.openqa.selenium.remote.RemoteWebDriver.execute(RemoteWebDriver.java:678)
	at org.openqa.selenium.remote.RemoteWebDriver.executeScript(RemoteWebDriver.java:577)
	at utils.DynamicAppSelection.appSelection(DynamicAppSelection.java:20)
	at appICE_Pages.OutsideTheAppPage.competingApps(OutsideTheAppPage.java:106)
... Removed 27 stack frames]]>
    </failure>
  </testcase> <!-- competingApps -->
  <testcase name="competingApps" time="5.555" classname="appICE_Pages.OutsideTheAppPage">
    <failure type="org.openqa.selenium.StaleElementReferenceException" message="Stale element reference (WARNING: The server did not provide any stacktrace information)
Command duration or timeout: 119 milliseconds
For documentation on this error, please visit: http://seleniumhq.org/exceptions/stale_element_reference.html
Build info: version: &amp;apos;2.53.1&amp;apos;, revision: &amp;apos;a36b8b1cd5757287168e54b817830adce9b0158d&amp;apos;, time: &amp;apos;2016-06-30 19:26:09&amp;apos;
System info: host: &amp;apos;RamaSwamy&amp;apos;, ip: &amp;apos;169.254.239.251&amp;apos;, os.name: &amp;apos;Windows 10&amp;apos;, os.arch: &amp;apos;amd64&amp;apos;, os.version: &amp;apos;10.0&amp;apos;, java.version: &amp;apos;1.8.0_60&amp;apos;
Driver info: org.openqa.selenium.chrome.ChromeDriver
Capabilities [{applicationCacheEnabled=true, acceptSslCerts=true, browserVersion=38.14393.1066.0, platformVersion=10, locationContextEnabled=true, webStorageEnabled=true, browserName=MicrosoftEdge, takesScreenshot=true, pageLoadStrategy=normal, takesElementScreenshot=true, platformName=windows, platform=ANY}]
Session ID: 5E94892D-83DB-4EF3-9A07-0630BFD7A14C">
      <![CDATA[org.openqa.selenium.StaleElementReferenceException: Stale element reference (WARNING: The server did not provide any stacktrace information)
Command duration or timeout: 119 milliseconds
For documentation on this error, please visit: http://seleniumhq.org/exceptions/stale_element_reference.html
Build info: version: '2.53.1', revision: 'a36b8b1cd5757287168e54b817830adce9b0158d', time: '2016-06-30 19:26:09'
System info: host: 'RamaSwamy', ip: '169.254.239.251', os.name: 'Windows 10', os.arch: 'amd64', os.version: '10.0', java.version: '1.8.0_60'
Driver info: org.openqa.selenium.chrome.ChromeDriver
Capabilities [{applicationCacheEnabled=true, acceptSslCerts=true, browserVersion=38.14393.1066.0, platformVersion=10, locationContextEnabled=true, webStorageEnabled=true, browserName=MicrosoftEdge, takesScreenshot=true, pageLoadStrategy=normal, takesElementScreenshot=true, platformName=windows, platform=ANY}]
Session ID: 5E94892D-83DB-4EF3-9A07-0630BFD7A14C
	at org.openqa.selenium.remote.ErrorHandler.createThrowable(ErrorHandler.java:206)
	at org.openqa.selenium.remote.ErrorHandler.throwIfResponseFailed(ErrorHandler.java:158)
	at org.openqa.selenium.remote.RemoteWebDriver.execute(RemoteWebDriver.java:678)
	at org.openqa.selenium.remote.RemoteWebDriver.executeScript(RemoteWebDriver.java:577)
	at utils.DynamicAppSelection.appSelection(DynamicAppSelection.java:20)
	at appICE_Pages.OutsideTheAppPage.competingApps(OutsideTheAppPage.java:106)
... Removed 27 stack frames]]>
    </failure>
  </testcase> <!-- competingApps -->
  <testcase name="competingApps" time="5.255" classname="appICE_Pages.OutsideTheAppPage">
    <failure type="org.openqa.selenium.StaleElementReferenceException" message="Stale element reference (WARNING: The server did not provide any stacktrace information)
Command duration or timeout: 2 milliseconds
For documentation on this error, please visit: http://seleniumhq.org/exceptions/stale_element_reference.html
Build info: version: &amp;apos;2.53.1&amp;apos;, revision: &amp;apos;a36b8b1cd5757287168e54b817830adce9b0158d&amp;apos;, time: &amp;apos;2016-06-30 19:26:09&amp;apos;
System info: host: &amp;apos;RamaSwamy&amp;apos;, ip: &amp;apos;169.254.239.251&amp;apos;, os.name: &amp;apos;Windows 10&amp;apos;, os.arch: &amp;apos;amd64&amp;apos;, os.version: &amp;apos;10.0&amp;apos;, java.version: &amp;apos;1.8.0_60&amp;apos;
Driver info: org.openqa.selenium.chrome.ChromeDriver
Capabilities [{applicationCacheEnabled=true, acceptSslCerts=true, browserVersion=38.14393.1066.0, platformVersion=10, locationContextEnabled=true, webStorageEnabled=true, browserName=MicrosoftEdge, takesScreenshot=true, pageLoadStrategy=normal, takesElementScreenshot=true, platformName=windows, platform=ANY}]
Session ID: 5E94892D-83DB-4EF3-9A07-0630BFD7A14C">
      <![CDATA[org.openqa.selenium.StaleElementReferenceException: Stale element reference (WARNING: The server did not provide any stacktrace information)
Command duration or timeout: 2 milliseconds
For documentation on this error, please visit: http://seleniumhq.org/exceptions/stale_element_reference.html
Build info: version: '2.53.1', revision: 'a36b8b1cd5757287168e54b817830adce9b0158d', time: '2016-06-30 19:26:09'
System info: host: 'RamaSwamy', ip: '169.254.239.251', os.name: 'Windows 10', os.arch: 'amd64', os.version: '10.0', java.version: '1.8.0_60'
Driver info: org.openqa.selenium.chrome.ChromeDriver
Capabilities [{applicationCacheEnabled=true, acceptSslCerts=true, browserVersion=38.14393.1066.0, platformVersion=10, locationContextEnabled=true, webStorageEnabled=true, browserName=MicrosoftEdge, takesScreenshot=true, pageLoadStrategy=normal, takesElementScreenshot=true, platformName=windows, platform=ANY}]
Session ID: 5E94892D-83DB-4EF3-9A07-0630BFD7A14C
	at org.openqa.selenium.remote.ErrorHandler.createThrowable(ErrorHandler.java:206)
	at org.openqa.selenium.remote.ErrorHandler.throwIfResponseFailed(ErrorHandler.java:158)
	at org.openqa.selenium.remote.RemoteWebDriver.execute(RemoteWebDriver.java:678)
	at org.openqa.selenium.remote.RemoteWebDriver.executeScript(RemoteWebDriver.java:577)
	at utils.DynamicAppSelection.appSelection(DynamicAppSelection.java:20)
	at appICE_Pages.OutsideTheAppPage.competingApps(OutsideTheAppPage.java:106)
... Removed 27 stack frames]]>
    </failure>
  </testcase> <!-- competingApps -->
  <testcase name="competingApps" time="5.011" classname="appICE_Pages.OutsideTheAppPage">
    <failure type="org.openqa.selenium.StaleElementReferenceException" message="Stale element reference (WARNING: The server did not provide any stacktrace information)
Command duration or timeout: 2 milliseconds
For documentation on this error, please visit: http://seleniumhq.org/exceptions/stale_element_reference.html
Build info: version: &amp;apos;2.53.1&amp;apos;, revision: &amp;apos;a36b8b1cd5757287168e54b817830adce9b0158d&amp;apos;, time: &amp;apos;2016-06-30 19:26:09&amp;apos;
System info: host: &amp;apos;RamaSwamy&amp;apos;, ip: &amp;apos;169.254.239.251&amp;apos;, os.name: &amp;apos;Windows 10&amp;apos;, os.arch: &amp;apos;amd64&amp;apos;, os.version: &amp;apos;10.0&amp;apos;, java.version: &amp;apos;1.8.0_60&amp;apos;
Driver info: org.openqa.selenium.chrome.ChromeDriver
Capabilities [{applicationCacheEnabled=true, acceptSslCerts=true, browserVersion=38.14393.1066.0, platformVersion=10, locationContextEnabled=true, webStorageEnabled=true, browserName=MicrosoftEdge, takesScreenshot=true, pageLoadStrategy=normal, takesElementScreenshot=true, platformName=windows, platform=ANY}]
Session ID: 5E94892D-83DB-4EF3-9A07-0630BFD7A14C">
      <![CDATA[org.openqa.selenium.StaleElementReferenceException: Stale element reference (WARNING: The server did not provide any stacktrace information)
Command duration or timeout: 2 milliseconds
For documentation on this error, please visit: http://seleniumhq.org/exceptions/stale_element_reference.html
Build info: version: '2.53.1', revision: 'a36b8b1cd5757287168e54b817830adce9b0158d', time: '2016-06-30 19:26:09'
System info: host: 'RamaSwamy', ip: '169.254.239.251', os.name: 'Windows 10', os.arch: 'amd64', os.version: '10.0', java.version: '1.8.0_60'
Driver info: org.openqa.selenium.chrome.ChromeDriver
Capabilities [{applicationCacheEnabled=true, acceptSslCerts=true, browserVersion=38.14393.1066.0, platformVersion=10, locationContextEnabled=true, webStorageEnabled=true, browserName=MicrosoftEdge, takesScreenshot=true, pageLoadStrategy=normal, takesElementScreenshot=true, platformName=windows, platform=ANY}]
Session ID: 5E94892D-83DB-4EF3-9A07-0630BFD7A14C
	at org.openqa.selenium.remote.ErrorHandler.createThrowable(ErrorHandler.java:206)
	at org.openqa.selenium.remote.ErrorHandler.throwIfResponseFailed(ErrorHandler.java:158)
	at org.openqa.selenium.remote.RemoteWebDriver.execute(RemoteWebDriver.java:678)
	at org.openqa.selenium.remote.RemoteWebDriver.executeScript(RemoteWebDriver.java:577)
	at utils.DynamicAppSelection.appSelection(DynamicAppSelection.java:20)
	at appICE_Pages.OutsideTheAppPage.competingApps(OutsideTheAppPage.java:106)
... Removed 27 stack frames]]>
    </failure>
  </testcase> <!-- competingApps -->
  <testcase name="avgSessionLength" time="5.529" classname="appICE_Pages.OutsideTheAppPage">
    <failure type="org.openqa.selenium.StaleElementReferenceException" message="Stale element reference (WARNING: The server did not provide any stacktrace information)
Command duration or timeout: 2 milliseconds
For documentation on this error, please visit: http://seleniumhq.org/exceptions/stale_element_reference.html
Build info: version: &amp;apos;2.53.1&amp;apos;, revision: &amp;apos;a36b8b1cd5757287168e54b817830adce9b0158d&amp;apos;, time: &amp;apos;2016-06-30 19:26:09&amp;apos;
System info: host: &amp;apos;RamaSwamy&amp;apos;, ip: &amp;apos;169.254.239.251&amp;apos;, os.name: &amp;apos;Windows 10&amp;apos;, os.arch: &amp;apos;amd64&amp;apos;, os.version: &amp;apos;10.0&amp;apos;, java.version: &amp;apos;1.8.0_60&amp;apos;
Driver info: org.openqa.selenium.chrome.ChromeDriver
Capabilities [{applicationCacheEnabled=true, acceptSslCerts=true, browserVersion=38.14393.1066.0, platformVersion=10, locationContextEnabled=true, webStorageEnabled=true, browserName=MicrosoftEdge, takesScreenshot=true, pageLoadStrategy=normal, takesElementScreenshot=true, platformName=windows, platform=ANY}]
Session ID: 5E94892D-83DB-4EF3-9A07-0630BFD7A14C">
      <![CDATA[org.openqa.selenium.StaleElementReferenceException: Stale element reference (WARNING: The server did not provide any stacktrace information)
Command duration or timeout: 2 milliseconds
For documentation on this error, please visit: http://seleniumhq.org/exceptions/stale_element_reference.html
Build info: version: '2.53.1', revision: 'a36b8b1cd5757287168e54b817830adce9b0158d', time: '2016-06-30 19:26:09'
System info: host: 'RamaSwamy', ip: '169.254.239.251', os.name: 'Windows 10', os.arch: 'amd64', os.version: '10.0', java.version: '1.8.0_60'
Driver info: org.openqa.selenium.chrome.ChromeDriver
Capabilities [{applicationCacheEnabled=true, acceptSslCerts=true, browserVersion=38.14393.1066.0, platformVersion=10, locationContextEnabled=true, webStorageEnabled=true, browserName=MicrosoftEdge, takesScreenshot=true, pageLoadStrategy=normal, takesElementScreenshot=true, platformName=windows, platform=ANY}]
Session ID: 5E94892D-83DB-4EF3-9A07-0630BFD7A14C
	at org.openqa.selenium.remote.ErrorHandler.createThrowable(ErrorHandler.java:206)
	at org.openqa.selenium.remote.ErrorHandler.throwIfResponseFailed(ErrorHandler.java:158)
	at org.openqa.selenium.remote.RemoteWebDriver.execute(RemoteWebDriver.java:678)
	at org.openqa.selenium.remote.RemoteWebDriver.executeScript(RemoteWebDriver.java:577)
	at utils.DynamicAppSelection.appSelection(DynamicAppSelection.java:20)
	at appICE_Pages.OutsideTheAppPage.avgSessionLength(OutsideTheAppPage.java:193)
... Removed 27 stack frames]]>
    </failure>
  </testcase> <!-- avgSessionLength -->
  <testcase name="avgSessionLength" time="5.905" classname="appICE_Pages.OutsideTheAppPage">
    <failure type="org.openqa.selenium.StaleElementReferenceException" message="Stale element reference (WARNING: The server did not provide any stacktrace information)
Command duration or timeout: 3 milliseconds
For documentation on this error, please visit: http://seleniumhq.org/exceptions/stale_element_reference.html
Build info: version: &amp;apos;2.53.1&amp;apos;, revision: &amp;apos;a36b8b1cd5757287168e54b817830adce9b0158d&amp;apos;, time: &amp;apos;2016-06-30 19:26:09&amp;apos;
System info: host: &amp;apos;RamaSwamy&amp;apos;, ip: &amp;apos;169.254.239.251&amp;apos;, os.name: &amp;apos;Windows 10&amp;apos;, os.arch: &amp;apos;amd64&amp;apos;, os.version: &amp;apos;10.0&amp;apos;, java.version: &amp;apos;1.8.0_60&amp;apos;
Driver info: org.openqa.selenium.chrome.ChromeDriver
Capabilities [{applicationCacheEnabled=true, acceptSslCerts=true, browserVersion=38.14393.1066.0, platformVersion=10, locationContextEnabled=true, webStorageEnabled=true, browserName=MicrosoftEdge, takesScreenshot=true, pageLoadStrategy=normal, takesElementScreenshot=true, platformName=windows, platform=ANY}]
Session ID: 5E94892D-83DB-4EF3-9A07-0630BFD7A14C">
      <![CDATA[org.openqa.selenium.StaleElementReferenceException: Stale element reference (WARNING: The server did not provide any stacktrace information)
Command duration or timeout: 3 milliseconds
For documentation on this error, please visit: http://seleniumhq.org/exceptions/stale_element_reference.html
Build info: version: '2.53.1', revision: 'a36b8b1cd5757287168e54b817830adce9b0158d', time: '2016-06-30 19:26:09'
System info: host: 'RamaSwamy', ip: '169.254.239.251', os.name: 'Windows 10', os.arch: 'amd64', os.version: '10.0', java.version: '1.8.0_60'
Driver info: org.openqa.selenium.chrome.ChromeDriver
Capabilities [{applicationCacheEnabled=true, acceptSslCerts=true, browserVersion=38.14393.1066.0, platformVersion=10, locationContextEnabled=true, webStorageEnabled=true, browserName=MicrosoftEdge, takesScreenshot=true, pageLoadStrategy=normal, takesElementScreenshot=true, platformName=windows, platform=ANY}]
Session ID: 5E94892D-83DB-4EF3-9A07-0630BFD7A14C
	at org.openqa.selenium.remote.ErrorHandler.createThrowable(ErrorHandler.java:206)
	at org.openqa.selenium.remote.ErrorHandler.throwIfResponseFailed(ErrorHandler.java:158)
	at org.openqa.selenium.remote.RemoteWebDriver.execute(RemoteWebDriver.java:678)
	at org.openqa.selenium.remote.RemoteWebDriver.executeScript(RemoteWebDriver.java:577)
	at utils.DynamicAppSelection.appSelection(DynamicAppSelection.java:20)
	at appICE_Pages.OutsideTheAppPage.avgSessionLength(OutsideTheAppPage.java:193)
... Removed 27 stack frames]]>
    </failure>
  </testcase> <!-- avgSessionLength -->
  <testcase name="avgSessionLength" time="5.864" classname="appICE_Pages.OutsideTheAppPage">
    <failure type="org.openqa.selenium.StaleElementReferenceException" message="Stale element reference (WARNING: The server did not provide any stacktrace information)
Command duration or timeout: 2 milliseconds
For documentation on this error, please visit: http://seleniumhq.org/exceptions/stale_element_reference.html
Build info: version: &amp;apos;2.53.1&amp;apos;, revision: &amp;apos;a36b8b1cd5757287168e54b817830adce9b0158d&amp;apos;, time: &amp;apos;2016-06-30 19:26:09&amp;apos;
System info: host: &amp;apos;RamaSwamy&amp;apos;, ip: &amp;apos;169.254.239.251&amp;apos;, os.name: &amp;apos;Windows 10&amp;apos;, os.arch: &amp;apos;amd64&amp;apos;, os.version: &amp;apos;10.0&amp;apos;, java.version: &amp;apos;1.8.0_60&amp;apos;
Driver info: org.openqa.selenium.chrome.ChromeDriver
Capabilities [{applicationCacheEnabled=true, acceptSslCerts=true, browserVersion=38.14393.1066.0, platformVersion=10, locationContextEnabled=true, webStorageEnabled=true, browserName=MicrosoftEdge, takesScreenshot=true, pageLoadStrategy=normal, takesElementScreenshot=true, platformName=windows, platform=ANY}]
Session ID: 5E94892D-83DB-4EF3-9A07-0630BFD7A14C">
      <![CDATA[org.openqa.selenium.StaleElementReferenceException: Stale element reference (WARNING: The server did not provide any stacktrace information)
Command duration or timeout: 2 milliseconds
For documentation on this error, please visit: http://seleniumhq.org/exceptions/stale_element_reference.html
Build info: version: '2.53.1', revision: 'a36b8b1cd5757287168e54b817830adce9b0158d', time: '2016-06-30 19:26:09'
System info: host: 'RamaSwamy', ip: '169.254.239.251', os.name: 'Windows 10', os.arch: 'amd64', os.version: '10.0', java.version: '1.8.0_60'
Driver info: org.openqa.selenium.chrome.ChromeDriver
Capabilities [{applicationCacheEnabled=true, acceptSslCerts=true, browserVersion=38.14393.1066.0, platformVersion=10, locationContextEnabled=true, webStorageEnabled=true, browserName=MicrosoftEdge, takesScreenshot=true, pageLoadStrategy=normal, takesElementScreenshot=true, platformName=windows, platform=ANY}]
Session ID: 5E94892D-83DB-4EF3-9A07-0630BFD7A14C
	at org.openqa.selenium.remote.ErrorHandler.createThrowable(ErrorHandler.java:206)
	at org.openqa.selenium.remote.ErrorHandler.throwIfResponseFailed(ErrorHandler.java:158)
	at org.openqa.selenium.remote.RemoteWebDriver.execute(RemoteWebDriver.java:678)
	at org.openqa.selenium.remote.RemoteWebDriver.executeScript(RemoteWebDriver.java:577)
	at utils.DynamicAppSelection.appSelection(DynamicAppSelection.java:20)
	at appICE_Pages.OutsideTheAppPage.avgSessionLength(OutsideTheAppPage.java:193)
... Removed 27 stack frames]]>
    </failure>
  </testcase> <!-- avgSessionLength -->
  <testcase name="avgSessionLength" time="5.197" classname="appICE_Pages.OutsideTheAppPage">
    <failure type="org.openqa.selenium.StaleElementReferenceException" message="Stale element reference (WARNING: The server did not provide any stacktrace information)
Command duration or timeout: 6 milliseconds
For documentation on this error, please visit: http://seleniumhq.org/exceptions/stale_element_reference.html
Build info: version: &amp;apos;2.53.1&amp;apos;, revision: &amp;apos;a36b8b1cd5757287168e54b817830adce9b0158d&amp;apos;, time: &amp;apos;2016-06-30 19:26:09&amp;apos;
System info: host: &amp;apos;RamaSwamy&amp;apos;, ip: &amp;apos;169.254.239.251&amp;apos;, os.name: &amp;apos;Windows 10&amp;apos;, os.arch: &amp;apos;amd64&amp;apos;, os.version: &amp;apos;10.0&amp;apos;, java.version: &amp;apos;1.8.0_60&amp;apos;
Driver info: org.openqa.selenium.chrome.ChromeDriver
Capabilities [{applicationCacheEnabled=true, acceptSslCerts=true, browserVersion=38.14393.1066.0, platformVersion=10, locationContextEnabled=true, webStorageEnabled=true, browserName=MicrosoftEdge, takesScreenshot=true, pageLoadStrategy=normal, takesElementScreenshot=true, platformName=windows, platform=ANY}]
Session ID: 5E94892D-83DB-4EF3-9A07-0630BFD7A14C">
      <![CDATA[org.openqa.selenium.StaleElementReferenceException: Stale element reference (WARNING: The server did not provide any stacktrace information)
Command duration or timeout: 6 milliseconds
For documentation on this error, please visit: http://seleniumhq.org/exceptions/stale_element_reference.html
Build info: version: '2.53.1', revision: 'a36b8b1cd5757287168e54b817830adce9b0158d', time: '2016-06-30 19:26:09'
System info: host: 'RamaSwamy', ip: '169.254.239.251', os.name: 'Windows 10', os.arch: 'amd64', os.version: '10.0', java.version: '1.8.0_60'
Driver info: org.openqa.selenium.chrome.ChromeDriver
Capabilities [{applicationCacheEnabled=true, acceptSslCerts=true, browserVersion=38.14393.1066.0, platformVersion=10, locationContextEnabled=true, webStorageEnabled=true, browserName=MicrosoftEdge, takesScreenshot=true, pageLoadStrategy=normal, takesElementScreenshot=true, platformName=windows, platform=ANY}]
Session ID: 5E94892D-83DB-4EF3-9A07-0630BFD7A14C
	at org.openqa.selenium.remote.ErrorHandler.createThrowable(ErrorHandler.java:206)
	at org.openqa.selenium.remote.ErrorHandler.throwIfResponseFailed(ErrorHandler.java:158)
	at org.openqa.selenium.remote.RemoteWebDriver.execute(RemoteWebDriver.java:678)
	at org.openqa.selenium.remote.RemoteWebDriver.executeScript(RemoteWebDriver.java:577)
	at utils.DynamicAppSelection.appSelection(DynamicAppSelection.java:20)
	at appICE_Pages.OutsideTheAppPage.avgSessionLength(OutsideTheAppPage.java:193)
... Removed 27 stack frames]]>
    </failure>
  </testcase> <!-- avgSessionLength -->
</testsuite> <!-- Login and Register testcases; Dashboard and Outside the App page -->
